2019-09-06 09:33:09.9424||DEBUG|QQQidian.Program|init main 
2019-09-06 09:33:12.6006||INFO|Microsoft.AspNetCore.DataProtection.KeyManagement.XmlKeyManager|User profile is available. Using 'C:\Users\jiaro\AppData\Local\ASP.NET\DataProtection-Keys' as key repository and Windows DPAPI to encrypt keys at rest. 
2019-09-06 09:33:15.9484|1|INFO|Microsoft.AspNetCore.Hosting.Internal.WebHost|Request starting HTTP/1.1 GET https://localhost:5001/   
2019-09-06 09:33:16.0769|0|INFO|Microsoft.AspNetCore.Routing.EndpointMiddleware|Executing endpoint 'QQQidian.Controllers.HomeController.Index (QQQidian)' 
2019-09-06 09:33:16.1541|3|INFO|Microsoft.AspNetCore.Mvc.Internal.ControllerActionInvoker|Route matched with {action = "Index", controller = "Home"}. Executing controller action with signature Microsoft.AspNetCore.Mvc.IActionResult Index() on controller QQQidian.Controllers.HomeController (QQQidian). 
2019-09-06 09:33:16.1714|1|INFO|Microsoft.AspNetCore.Mvc.Internal.ControllerActionInvoker|Executing action method QQQidian.Controllers.HomeController.Index (QQQidian) - Validation state: Valid 
2019-09-06 09:33:16.3008|2|INFO|Microsoft.AspNetCore.Mvc.Internal.ControllerActionInvoker|Executed action method QQQidian.Controllers.HomeController.Index (QQQidian), returned result Microsoft.AspNetCore.Mvc.ViewResult in 123.2332ms. 
2019-09-06 09:33:16.4255|1|INFO|Microsoft.AspNetCore.Mvc.ViewFeatures.ViewResultExecutor|Executing ViewResult, running view Index. 
2019-09-06 09:33:16.8171|4|INFO|Microsoft.AspNetCore.Mvc.ViewFeatures.ViewResultExecutor|Executed ViewResult - view Index executed in 498.0287ms. 
2019-09-06 09:33:16.8171|2|INFO|Microsoft.AspNetCore.Mvc.Internal.ControllerActionInvoker|Executed action QQQidian.Controllers.HomeController.Index (QQQidian) in 667.6428ms 
2019-09-06 09:33:16.8171|1|INFO|Microsoft.AspNetCore.Routing.EndpointMiddleware|Executed endpoint 'QQQidian.Controllers.HomeController.Index (QQQidian)' 
2019-09-06 09:33:16.8340|2|INFO|Microsoft.AspNetCore.Hosting.Internal.WebHost|Request finished in 886.3034ms 200 text/html; charset=utf-8 
2019-09-06 09:33:17.0607|1|INFO|Microsoft.AspNetCore.Hosting.Internal.WebHost|Request starting HTTP/1.1 GET https://localhost:5001/css/site.css   
2019-09-06 09:33:17.0607|1|INFO|Microsoft.AspNetCore.Hosting.Internal.WebHost|Request starting HTTP/1.1 GET https://localhost:5001/lib/jquery/dist/jquery.min.js   
2019-09-06 09:33:17.0607|1|INFO|Microsoft.AspNetCore.Hosting.Internal.WebHost|Request starting HTTP/1.1 GET https://localhost:5001/lib/bootstrap/dist/js/bootstrap.min.js   
2019-09-06 09:33:17.0766|1|INFO|Microsoft.AspNetCore.Hosting.Internal.WebHost|Request starting HTTP/1.1 GET https://localhost:5001/lib/bootstrap/dist/css/bootstrap.min.css   
2019-09-06 09:33:17.0766|1|INFO|Microsoft.AspNetCore.Hosting.Internal.WebHost|Request starting HTTP/1.1 GET https://localhost:5001/lib/bootstrap/dist/css/bootstrap.css   
2019-09-06 09:33:17.0766|6|INFO|Microsoft.AspNetCore.StaticFiles.StaticFileMiddleware|The file /lib/bootstrap/dist/css/bootstrap.css was not modified 
2019-09-06 09:33:17.0766|6|INFO|Microsoft.AspNetCore.StaticFiles.StaticFileMiddleware|The file /lib/bootstrap/dist/css/bootstrap.min.css was not modified 
2019-09-06 09:33:17.0766|6|INFO|Microsoft.AspNetCore.StaticFiles.StaticFileMiddleware|The file /lib/jquery/dist/jquery.min.js was not modified 
2019-09-06 09:33:17.0766|6|INFO|Microsoft.AspNetCore.StaticFiles.StaticFileMiddleware|The file /css/site.css was not modified 
2019-09-06 09:33:17.0766|6|INFO|Microsoft.AspNetCore.StaticFiles.StaticFileMiddleware|The file /lib/bootstrap/dist/js/bootstrap.min.js was not modified 
2019-09-06 09:33:17.0914|2|INFO|Microsoft.AspNetCore.Hosting.Internal.WebHost|Request finished in 14.7763ms 304 text/css 
2019-09-06 09:33:17.0914|2|INFO|Microsoft.AspNetCore.Hosting.Internal.WebHost|Request finished in 12.1549ms 304 text/css 
2019-09-06 09:33:17.0914|2|INFO|Microsoft.AspNetCore.Hosting.Internal.WebHost|Request finished in 33.4051ms 304 text/css 
2019-09-06 09:33:17.0914|2|INFO|Microsoft.AspNetCore.Hosting.Internal.WebHost|Request finished in 18.7443ms 304 application/javascript 
2019-09-06 09:33:17.0914|2|INFO|Microsoft.AspNetCore.Hosting.Internal.WebHost|Request finished in 23.1671ms 304 application/javascript 
2019-09-06 09:33:17.1378|1|INFO|Microsoft.AspNetCore.Hosting.Internal.WebHost|Request starting HTTP/1.1 GET https://localhost:5001/js/site.js?v=4q1jwFhaPaZgr8WAUSrux6hAuh0XDg9kPS3xIVq36I0   
2019-09-06 09:33:17.1390|6|INFO|Microsoft.AspNetCore.StaticFiles.StaticFileMiddleware|The file /js/site.js was not modified 
2019-09-06 09:33:17.1378|1|INFO|Microsoft.AspNetCore.Hosting.Internal.WebHost|Request starting HTTP/1.1 GET https://localhost:5001/lib/bootstrap/dist/js/bootstrap.bundle.js   
2019-09-06 09:33:17.1390|2|INFO|Microsoft.AspNetCore.Hosting.Internal.WebHost|Request finished in 15.8646ms 304 application/javascript 
2019-09-06 09:33:17.1566|6|INFO|Microsoft.AspNetCore.StaticFiles.StaticFileMiddleware|The file /lib/bootstrap/dist/js/bootstrap.bundle.js was not modified 
2019-09-06 09:33:17.1791|2|INFO|Microsoft.AspNetCore.Hosting.Internal.WebHost|Request finished in 40.8476ms 304 application/javascript 
2019-09-06 09:33:17.1791|1|INFO|Microsoft.AspNetCore.Hosting.Internal.WebHost|Request starting HTTP/1.1 GET https://localhost:5001/lib/jquery/dist/jquery.js   
2019-09-06 09:33:17.1971|6|INFO|Microsoft.AspNetCore.StaticFiles.StaticFileMiddleware|The file /lib/jquery/dist/jquery.js was not modified 
2019-09-06 09:33:17.1971|2|INFO|Microsoft.AspNetCore.Hosting.Internal.WebHost|Request finished in 18.5638ms 304 application/javascript 
2019-09-06 09:37:25.4533|1|INFO|Microsoft.AspNetCore.Hosting.Internal.WebHost|Request starting HTTP/1.1 GET https://localhost:5001/cus   
2019-09-06 09:37:25.4710|0|INFO|Microsoft.AspNetCore.Routing.EndpointMiddleware|Executing endpoint 'QQQidian.Controllers.HomeController.getCustomerInfos (QQQidian)' 
2019-09-06 09:37:25.4836|3|INFO|Microsoft.AspNetCore.Mvc.Internal.ControllerActionInvoker|Route matched with {action = "getCustomerInfos", controller = "Home"}. Executing controller action with signature System.Threading.Tasks.Task`1[Microsoft.AspNetCore.Mvc.IActionResult] getCustomerInfos() on controller QQQidian.Controllers.HomeController (QQQidian). 
2019-09-06 09:37:25.4836|1|INFO|Microsoft.AspNetCore.Mvc.Internal.ControllerActionInvoker|Executing action method QQQidian.Controllers.HomeController.getCustomerInfos (QQQidian) - Validation state: Valid 
2019-09-06 09:37:25.5658||INFO|QQQidian.Controllers.HomeController|Enter getCustomerInfos 
2019-09-06 09:37:26.7094||WARN|QQQidian.Controllers.HomeController|Fail to get the Info of this Customer.CustomerId = 28521750970000000000000000000004.Retry Count = 0 
2019-09-06 09:37:26.7433||WARN|QQQidian.Controllers.HomeController|Fail to get the Info of this Customer.CustomerId = 28521750970000000000000000000019.Retry Count = 0 
2019-09-06 09:37:26.7712||WARN|QQQidian.Controllers.HomeController|Fail to get the Info of this Customer.CustomerId = 28521750970000000000000000000014.Retry Count = 0 
2019-09-06 09:37:26.8870||WARN|QQQidian.Controllers.HomeController|Fail to get the Info of this Customer.CustomerId = 28521750970000000000000000000047.Retry Count = 0 
2019-09-06 09:37:26.9151||WARN|QQQidian.Controllers.HomeController|Fail to get the Info of this Customer.CustomerId = 28521750970000000000000000000004.Retry Count = 1 
2019-09-06 09:37:26.9269||WARN|QQQidian.Controllers.HomeController|Fail to get the Info of this Customer.CustomerId = 28521750970000000000000000000051.Retry Count = 0 
2019-09-06 09:37:26.9684||WARN|QQQidian.Controllers.HomeController|Fail to get the Info of this Customer.CustomerId = 28521750970000000000000000000062.Retry Count = 0 
2019-09-06 09:37:26.9684||WARN|QQQidian.Controllers.HomeController|Fail to get the Info of this Customer.CustomerId = 28521750970000000000000000000014.Retry Count = 1 
2019-09-06 09:37:26.9847||WARN|QQQidian.Controllers.HomeController|Fail to get the Info of this Customer.CustomerId = 28521750970000000000000000000065.Retry Count = 0 
2019-09-06 09:37:27.0987||WARN|QQQidian.Controllers.HomeController|Fail to get the Info of this Customer.CustomerId = 28521750970000000000000000000019.Retry Count = 1 
2019-09-06 09:37:27.0987||WARN|QQQidian.Controllers.HomeController|Fail to get the Info of this Customer.CustomerId = 28521750970000000000000000000074.Retry Count = 0 
2019-09-06 09:37:27.0987||WARN|QQQidian.Controllers.HomeController|Fail to get the Info of this Customer.CustomerId = 28521750970000000000000000000073.Retry Count = 0 
2019-09-06 09:37:27.1312||WARN|QQQidian.Controllers.HomeController|Fail to get the Info of this Customer.CustomerId = 28521750970000000000000000000047.Retry Count = 1 
2019-09-06 09:37:27.2309||WARN|QQQidian.Controllers.HomeController|Fail to get the Info of this Customer.CustomerId = 28521750970000000000000000000051.Retry Count = 1 
2019-09-06 09:37:27.3224||WARN|QQQidian.Controllers.HomeController|Fail to get the Info of this Customer.CustomerId = 28521750970000000000000000000073.Retry Count = 1 
2019-09-06 09:37:27.3383||WARN|QQQidian.Controllers.HomeController|Fail to get the Info of this Customer.CustomerId = 28521750970000000000000000000065.Retry Count = 1 
2019-09-06 09:37:27.3470||WARN|QQQidian.Controllers.HomeController|Fail to get the Info of this Customer.CustomerId = 28521750970000000000000000000074.Retry Count = 1 
2019-09-06 09:37:27.3727||WARN|QQQidian.Controllers.HomeController|Fail to get the Info of this Customer.CustomerId = 28521750970000000000000000000062.Retry Count = 1 
2019-09-06 09:37:30.7813||INFO|QQQidian.Controllers.HomeController|End getCustomerInfos 
2019-09-06 09:37:30.7813|2|INFO|Microsoft.AspNetCore.Mvc.Internal.ControllerActionInvoker|Executed action method QQQidian.Controllers.HomeController.getCustomerInfos (QQQidian), returned result Microsoft.AspNetCore.Mvc.FileContentResult in 5297.1473ms. 
2019-09-06 09:37:30.7984|2|INFO|Microsoft.AspNetCore.Mvc.Infrastructure.FileContentResultExecutor|Executing Microsoft.AspNetCore.Mvc.FileContentResult, sending file with download name 'cusInfoJson_20190906093730.csv' ... 
2019-09-06 09:37:30.9461|2|INFO|Microsoft.AspNetCore.Mvc.Internal.ControllerActionInvoker|Executed action QQQidian.Controllers.HomeController.getCustomerInfos (QQQidian) in 5461.4384ms 
2019-09-06 09:37:30.9521|1|INFO|Microsoft.AspNetCore.Routing.EndpointMiddleware|Executed endpoint 'QQQidian.Controllers.HomeController.getCustomerInfos (QQQidian)' 
2019-09-06 09:37:30.9521|2|INFO|Microsoft.AspNetCore.Hosting.Internal.WebHost|Request finished in 5503.4353ms 200 application/csv 
2019-09-06 09:37:44.9332|1|INFO|Microsoft.AspNetCore.Hosting.Internal.WebHost|Request starting HTTP/1.1 GET https://localhost:5001/lib/bootstrap/dist/js/bootstrap.min.js.map   
2019-09-06 09:37:44.9364|1|INFO|Microsoft.AspNetCore.Hosting.Internal.WebHost|Request starting HTTP/1.1 GET https://localhost:5001/lib/bootstrap/dist/js/bootstrap.bundle.js.map   
2019-09-06 09:37:44.9364|6|INFO|Microsoft.AspNetCore.StaticFiles.StaticFileMiddleware|The file /lib/bootstrap/dist/js/bootstrap.min.js.map was not modified 
2019-09-06 09:37:44.9364|2|INFO|Microsoft.AspNetCore.Hosting.Internal.WebHost|Request finished in 5.3551ms 304 text/plain 
2019-09-06 09:37:44.9364|6|INFO|Microsoft.AspNetCore.StaticFiles.StaticFileMiddleware|The file /lib/bootstrap/dist/js/bootstrap.bundle.js.map was not modified 
2019-09-06 09:37:44.9364|2|INFO|Microsoft.AspNetCore.Hosting.Internal.WebHost|Request finished in 9.4684ms 304 text/plain 
2019-09-06 09:37:44.9993|1|INFO|Microsoft.AspNetCore.Hosting.Internal.WebHost|Request starting HTTP/1.1 GET https://localhost:5001/lib/bootstrap/dist/css/bootstrap.css.map   
2019-09-06 09:37:44.9993|6|INFO|Microsoft.AspNetCore.StaticFiles.StaticFileMiddleware|The file /lib/bootstrap/dist/css/bootstrap.css.map was not modified 
2019-09-06 09:37:45.0294|1|INFO|Microsoft.AspNetCore.Hosting.Internal.WebHost|Request starting HTTP/1.1 GET https://localhost:5001/lib/bootstrap/dist/css/bootstrap.min.css.map   
2019-09-06 09:37:45.0294|6|INFO|Microsoft.AspNetCore.StaticFiles.StaticFileMiddleware|The file /lib/bootstrap/dist/css/bootstrap.min.css.map was not modified 
2019-09-06 09:37:45.0294|2|INFO|Microsoft.AspNetCore.Hosting.Internal.WebHost|Request finished in 32.1783ms 304 text/plain 
2019-09-06 09:37:45.0294|2|INFO|Microsoft.AspNetCore.Hosting.Internal.WebHost|Request finished in 12.5157ms 304 text/plain 
2019-09-06 09:37:48.5005|1|INFO|Microsoft.AspNetCore.Hosting.Internal.WebHost|Request starting HTTP/1.1 GET https://localhost:5001/cus   
2019-09-06 09:37:48.5005|0|INFO|Microsoft.AspNetCore.Routing.EndpointMiddleware|Executing endpoint 'QQQidian.Controllers.HomeController.getCustomerInfos (QQQidian)' 
2019-09-06 09:37:48.5005|3|INFO|Microsoft.AspNetCore.Mvc.Internal.ControllerActionInvoker|Route matched with {action = "getCustomerInfos", controller = "Home"}. Executing controller action with signature System.Threading.Tasks.Task`1[Microsoft.AspNetCore.Mvc.IActionResult] getCustomerInfos() on controller QQQidian.Controllers.HomeController (QQQidian). 
2019-09-06 09:37:48.5171|1|INFO|Microsoft.AspNetCore.Mvc.Internal.ControllerActionInvoker|Executing action method QQQidian.Controllers.HomeController.getCustomerInfos (QQQidian) - Validation state: Valid 
2019-09-06 09:37:48.5171||INFO|QQQidian.Controllers.HomeController|Enter getCustomerInfos 
2019-09-06 09:37:49.1839||WARN|QQQidian.Controllers.HomeController|Fail to get the Info of this Customer.CustomerId = 28521750970000000000000000000004.Retry Count = 0 
2019-09-06 09:37:49.1989||WARN|QQQidian.Controllers.HomeController|Fail to get the Info of this Customer.CustomerId = 28521750970000000000000000000014.Retry Count = 0 
2019-09-06 09:37:49.2600||WARN|QQQidian.Controllers.HomeController|Fail to get the Info of this Customer.CustomerId = 28521750970000000000000000000019.Retry Count = 0 
2019-09-06 09:37:49.4042||WARN|QQQidian.Controllers.HomeController|Fail to get the Info of this Customer.CustomerId = 28521750970000000000000000000014.Retry Count = 1 
2019-09-06 09:37:49.4190||WARN|QQQidian.Controllers.HomeController|Fail to get the Info of this Customer.CustomerId = 28521750970000000000000000000004.Retry Count = 1 
2019-09-06 09:37:49.4476||WARN|QQQidian.Controllers.HomeController|Fail to get the Info of this Customer.CustomerId = 28521750970000000000000000000047.Retry Count = 0 
2019-09-06 09:37:49.4611||WARN|QQQidian.Controllers.HomeController|Fail to get the Info of this Customer.CustomerId = 28521750970000000000000000000051.Retry Count = 0 
2019-09-06 09:37:49.4758||WARN|QQQidian.Controllers.HomeController|Fail to get the Info of this Customer.CustomerId = 28521750970000000000000000000019.Retry Count = 1 
2019-09-06 09:37:49.6512||WARN|QQQidian.Controllers.HomeController|Fail to get the Info of this Customer.CustomerId = 28521750970000000000000000000062.Retry Count = 0 
2019-09-06 09:37:49.6651||WARN|QQQidian.Controllers.HomeController|Fail to get the Info of this Customer.CustomerId = 28521750970000000000000000000047.Retry Count = 1 
2019-09-06 09:37:49.6832||WARN|QQQidian.Controllers.HomeController|Fail to get the Info of this Customer.CustomerId = 28521750970000000000000000000065.Retry Count = 0 
2019-09-06 09:37:49.6904||WARN|QQQidian.Controllers.HomeController|Fail to get the Info of this Customer.CustomerId = 28521750970000000000000000000051.Retry Count = 1 
2019-09-06 09:37:49.7225||WARN|QQQidian.Controllers.HomeController|Fail to get the Info of this Customer.CustomerId = 28521750970000000000000000000073.Retry Count = 0 
2019-09-06 09:37:49.7500||WARN|QQQidian.Controllers.HomeController|Fail to get the Info of this Customer.CustomerId = 28521750970000000000000000000074.Retry Count = 0 
2019-09-06 09:37:49.8881||WARN|QQQidian.Controllers.HomeController|Fail to get the Info of this Customer.CustomerId = 28521750970000000000000000000062.Retry Count = 1 
2019-09-06 09:37:49.9274||WARN|QQQidian.Controllers.HomeController|Fail to get the Info of this Customer.CustomerId = 28521750970000000000000000000073.Retry Count = 1 
2019-09-06 09:37:49.9274||WARN|QQQidian.Controllers.HomeController|Fail to get the Info of this Customer.CustomerId = 28521750970000000000000000000065.Retry Count = 1 
2019-09-06 09:37:49.9820||WARN|QQQidian.Controllers.HomeController|Fail to get the Info of this Customer.CustomerId = 28521750970000000000000000000074.Retry Count = 1 
2019-09-06 09:37:53.4160||INFO|QQQidian.Controllers.HomeController|End getCustomerInfos 
2019-09-06 09:37:53.4160|2|INFO|Microsoft.AspNetCore.Mvc.Internal.ControllerActionInvoker|Executed action method QQQidian.Controllers.HomeController.getCustomerInfos (QQQidian), returned result Microsoft.AspNetCore.Mvc.FileContentResult in 4898.643ms. 
2019-09-06 09:37:53.4160|2|INFO|Microsoft.AspNetCore.Mvc.Infrastructure.FileContentResultExecutor|Executing Microsoft.AspNetCore.Mvc.FileContentResult, sending file with download name 'cusInfoJson_20190906093753.csv' ... 
2019-09-06 09:37:53.4510|2|INFO|Microsoft.AspNetCore.Mvc.Internal.ControllerActionInvoker|Executed action QQQidian.Controllers.HomeController.getCustomerInfos (QQQidian) in 4934.1831ms 
2019-09-06 09:37:53.4510|1|INFO|Microsoft.AspNetCore.Routing.EndpointMiddleware|Executed endpoint 'QQQidian.Controllers.HomeController.getCustomerInfos (QQQidian)' 
2019-09-06 09:37:53.4510|2|INFO|Microsoft.AspNetCore.Hosting.Internal.WebHost|Request finished in 4954.2831ms 200 application/csv 
2019-09-06 09:46:02.8792|1|INFO|Microsoft.AspNetCore.Hosting.Internal.WebHost|Request starting HTTP/1.1 GET https://localhost:5001/cus?   
2019-09-06 09:46:02.9079|0|INFO|Microsoft.AspNetCore.Routing.EndpointMiddleware|Executing endpoint 'QQQidian.Controllers.HomeController.getCustomerInfos (QQQidian)' 
2019-09-06 09:46:02.9079|3|INFO|Microsoft.AspNetCore.Mvc.Internal.ControllerActionInvoker|Route matched with {action = "getCustomerInfos", controller = "Home"}. Executing controller action with signature System.Threading.Tasks.Task`1[Microsoft.AspNetCore.Mvc.IActionResult] getCustomerInfos() on controller QQQidian.Controllers.HomeController (QQQidian). 
2019-09-06 09:46:02.9079|1|INFO|Microsoft.AspNetCore.Mvc.Internal.ControllerActionInvoker|Executing action method QQQidian.Controllers.HomeController.getCustomerInfos (QQQidian) - Validation state: Valid 
2019-09-06 09:46:02.9079||INFO|QQQidian.Controllers.HomeController|Enter getCustomerInfos 
2019-09-06 09:46:04.0166||WARN|QQQidian.Controllers.HomeController|Fail to get the Info of this Customer.CustomerId = 28521750970000000000000000000014.Retry Count = 0 
2019-09-06 09:46:08.2253||WARN|QQQidian.Controllers.HomeController|Fail to get the Info of this Customer.CustomerId = 28521750970000000000000000000019.Retry Count = 0 
2019-09-06 09:46:11.2973||WARN|QQQidian.Controllers.HomeController|Fail to get the Info of this Customer.CustomerId = 28521750970000000000000000000004.Retry Count = 0 
2019-09-06 09:46:33.4480||WARN|QQQidian.Controllers.HomeController|Fail to get the Info of this Customer.CustomerId = 28521750970000000000000000000004.Retry Count = 1 
2019-09-06 09:46:33.4758||WARN|QQQidian.Controllers.HomeController|Fail to get the Info of this Customer.CustomerId = 28521750970000000000000000000019.Retry Count = 1 
2019-09-06 09:46:33.4758||WARN|QQQidian.Controllers.HomeController|Fail to get the Info of this Customer.CustomerId = 28521750970000000000000000000047.Retry Count = 0 
2019-09-06 09:46:33.5541||WARN|QQQidian.Controllers.HomeController|Fail to get the Info of this Customer.CustomerId = 28521750970000000000000000000065.Retry Count = 0 
2019-09-06 09:46:33.5773||WARN|QQQidian.Controllers.HomeController|Fail to get the Info of this Customer.CustomerId = 28521750970000000000000000000062.Retry Count = 0 
2019-09-06 09:46:33.5773||WARN|QQQidian.Controllers.HomeController|Fail to get the Info of this Customer.CustomerId = 28521750970000000000000000000014.Retry Count = 1 
2019-09-06 09:46:33.6234||WARN|QQQidian.Controllers.HomeController|Fail to get the Info of this Customer.CustomerId = 28521750970000000000000000000074.Retry Count = 0 
2019-09-06 09:46:33.6416||WARN|QQQidian.Controllers.HomeController|Fail to get the Info of this Customer.CustomerId = 28521750970000000000000000000073.Retry Count = 0 
2019-09-06 09:46:33.6552||WARN|QQQidian.Controllers.HomeController|Fail to get the Info of this Customer.CustomerId = 28521750970000000000000000000051.Retry Count = 0 
2019-09-06 09:46:33.7008||WARN|QQQidian.Controllers.HomeController|Fail to get the Info of this Customer.CustomerId = 28521750970000000000000000000047.Retry Count = 1 
2019-09-06 09:46:33.7866||WARN|QQQidian.Controllers.HomeController|Fail to get the Info of this Customer.CustomerId = 28521750970000000000000000000062.Retry Count = 1 
2019-09-06 09:46:33.7866||WARN|QQQidian.Controllers.HomeController|Fail to get the Info of this Customer.CustomerId = 28521750970000000000000000000065.Retry Count = 1 
2019-09-06 09:46:33.8436||WARN|QQQidian.Controllers.HomeController|Fail to get the Info of this Customer.CustomerId = 28521750970000000000000000000074.Retry Count = 1 
2019-09-06 09:46:33.8698||WARN|QQQidian.Controllers.HomeController|Fail to get the Info of this Customer.CustomerId = 28521750970000000000000000000073.Retry Count = 1 
2019-09-06 09:46:33.9036||WARN|QQQidian.Controllers.HomeController|Fail to get the Info of this Customer.CustomerId = 28521750970000000000000000000051.Retry Count = 1 
2019-09-06 09:50:13.8760||INFO|QQQidian.Controllers.HomeController|End getCustomerInfos 
2019-09-06 09:50:13.8760|2|INFO|Microsoft.AspNetCore.Mvc.Internal.ControllerActionInvoker|Executed action method QQQidian.Controllers.HomeController.getCustomerInfos (QQQidian), returned result Microsoft.AspNetCore.Mvc.FileContentResult in 250970.2441ms. 
2019-09-06 09:50:13.8931|2|INFO|Microsoft.AspNetCore.Mvc.Infrastructure.FileContentResultExecutor|Executing Microsoft.AspNetCore.Mvc.FileContentResult, sending file with download name 'cusInfoJson_20190906095013.csv' ... 
2019-09-06 09:50:13.8931|2|INFO|Microsoft.AspNetCore.Mvc.Internal.ControllerActionInvoker|Executed action QQQidian.Controllers.HomeController.getCustomerInfos (QQQidian) in 250984.8831ms 
2019-09-06 09:50:13.9051|1|INFO|Microsoft.AspNetCore.Routing.EndpointMiddleware|Executed endpoint 'QQQidian.Controllers.HomeController.getCustomerInfos (QQQidian)' 
2019-09-06 09:50:13.9051|2|INFO|Microsoft.AspNetCore.Hosting.Internal.WebHost|Request finished in 251027.5637ms 200 application/csv 
