2019-09-17 16:46:58.6481||DEBUG|QQQidian.Program|init main |url: |action: 
2019-09-17 16:47:07.7346||INFO|QQQidian.Controllers.HomeController|Enter getCustomerInfos |url: https://localhost/cus|action: getCustomerInfos
2019-09-17 16:47:08.6647||WARN|QQQidian.Controllers.HomeController|Fail to get the Info of this Customer.CustomerId = 28521750970000000000000000000019.Retry Count = 0 |url: https://localhost/cus|action: getCustomerInfos
2019-09-17 16:47:08.6647||WARN|QQQidian.Controllers.HomeController|Fail to get the Info of this Customer.CustomerId = 28521750970000000000000000000014.Retry Count = 0 |url: https://localhost/cus|action: getCustomerInfos
2019-09-17 16:47:08.6647||WARN|QQQidian.Controllers.HomeController|Fail to get the Info of this Customer.CustomerId = 28521750970000000000000000000004.Retry Count = 0 |url: https://localhost/cus|action: getCustomerInfos
2019-09-17 16:47:08.8225||WARN|QQQidian.Controllers.HomeController|Fail to get the Info of this Customer.CustomerId = 28521750970000000000000000000051.Retry Count = 0 |url: https://localhost/cus|action: getCustomerInfos
2019-09-17 16:47:08.8367||WARN|QQQidian.Controllers.HomeController|Fail to get the Info of this Customer.CustomerId = 28521750970000000000000000000047.Retry Count = 0 |url: https://localhost/cus|action: getCustomerInfos
2019-09-17 16:47:08.8367||WARN|QQQidian.Controllers.HomeController|Fail to get the Info of this Customer.CustomerId = 28521750970000000000000000000065.Retry Count = 0 |url: https://localhost/cus|action: getCustomerInfos
2019-09-17 16:47:08.8559||WARN|QQQidian.Controllers.HomeController|Fail to get the Info of this Customer.CustomerId = 28521750970000000000000000000073.Retry Count = 0 |url: https://localhost/cus|action: getCustomerInfos
2019-09-17 16:47:08.8724||WARN|QQQidian.Controllers.HomeController|Fail to get the Info of this Customer.CustomerId = 28521750970000000000000000000062.Retry Count = 0 |url: https://localhost/cus|action: getCustomerInfos
2019-09-17 16:47:08.8847||WARN|QQQidian.Controllers.HomeController|Fail to get the Info of this Customer.CustomerId = 28521750970000000000000000000074.Retry Count = 0 |url: https://localhost/cus|action: getCustomerInfos
2019-09-17 16:47:08.8847||WARN|QQQidian.Controllers.HomeController|Fail to get the Info of this Customer.CustomerId = 28521750970000000000000000000014.Retry Count = 1 |url: https://localhost/cus|action: getCustomerInfos
2019-09-17 16:47:08.9120||WARN|QQQidian.Controllers.HomeController|Fail to get the Info of this Customer.CustomerId = 28521750970000000000000000000004.Retry Count = 1 |url: https://localhost/cus|action: getCustomerInfos
2019-09-17 16:47:08.9120||WARN|QQQidian.Controllers.HomeController|Fail to get the Info of this Customer.CustomerId = 28521750970000000000000000000080.Retry Count = 0 |url: https://localhost/cus|action: getCustomerInfos
2019-09-17 16:47:08.9323||WARN|QQQidian.Controllers.HomeController|Fail to get the Info of this Customer.CustomerId = 28521750970000000000000000000019.Retry Count = 1 |url: https://localhost/cus|action: getCustomerInfos
2019-09-17 16:47:08.9734||WARN|QQQidian.Controllers.HomeController|Fail to get the Info of this Customer.CustomerId = 28521750970000000000000000000097.Retry Count = 0 |url: https://localhost/cus|action: getCustomerInfos
2019-09-17 16:47:09.0508||WARN|QQQidian.Controllers.HomeController|Fail to get the Info of this Customer.CustomerId = 28521750970000000000000000000051.Retry Count = 1 |url: https://localhost/cus|action: getCustomerInfos
2019-09-17 16:47:09.0724||WARN|QQQidian.Controllers.HomeController|Fail to get the Info of this Customer.CustomerId = 28521750970000000000000000000047.Retry Count = 1 |url: https://localhost/cus|action: getCustomerInfos
2019-09-17 16:47:09.0724||WARN|QQQidian.Controllers.HomeController|Fail to get the Info of this Customer.CustomerId = 28521750970000000000000000000065.Retry Count = 1 |url: https://localhost/cus|action: getCustomerInfos
2019-09-17 16:47:09.0918||WARN|QQQidian.Controllers.HomeController|Fail to get the Info of this Customer.CustomerId = 28521750970000000000000000000073.Retry Count = 1 |url: https://localhost/cus|action: getCustomerInfos
2019-09-17 16:47:09.0918||WARN|QQQidian.Controllers.HomeController|Fail to get the Info of this Customer.CustomerId = 28521750970000000000000000000062.Retry Count = 1 |url: https://localhost/cus|action: getCustomerInfos
2019-09-17 16:47:09.1170||WARN|QQQidian.Controllers.HomeController|Fail to get the Info of this Customer.CustomerId = 28521750970000000000000000000074.Retry Count = 1 |url: https://localhost/cus|action: getCustomerInfos
2019-09-17 16:47:09.1170||WARN|QQQidian.Controllers.HomeController|Fail to get the Info of this Customer.CustomerId = 28521750970000000000000000000080.Retry Count = 1 |url: https://localhost/cus|action: getCustomerInfos
2019-09-17 16:47:09.2095||WARN|QQQidian.Controllers.HomeController|Fail to get the Info of this Customer.CustomerId = 28521750970000000000000000000097.Retry Count = 1 |url: https://localhost/cus|action: getCustomerInfos
2019-09-17 16:47:09.5145||WARN|QQQidian.Controllers.HomeController|Fail to get the Info of this Customer.CustomerId = 28521750970000000000000000000187.Retry Count = 0 |url: https://localhost/cus|action: getCustomerInfos
2019-09-17 16:47:09.7244||WARN|QQQidian.Controllers.HomeController|Fail to get the Info of this Customer.CustomerId = 28521750970000000000000000000187.Retry Count = 1 |url: https://localhost/cus|action: getCustomerInfos
2019-09-17 16:47:09.7682||WARN|QQQidian.Controllers.HomeController|Fail to get the Info of this Customer.CustomerId = 28521750970000000000000000000228.Retry Count = 0 |url: https://localhost/cus|action: getCustomerInfos
2019-09-17 16:47:10.0198||WARN|QQQidian.Controllers.HomeController|Fail to get the Info of this Customer.CustomerId = 28521750970000000000000000000228.Retry Count = 1 |url: https://localhost/cus|action: getCustomerInfos
2019-09-17 16:47:39.0244||INFO|QQQidian.Controllers.HomeController|Leave getCustomerInfos |url: https://localhost/cus|action: getCustomerInfos
2019-09-17 16:50:58.2361||DEBUG|QQQidian.Program|init main |url: |action: 
2019-09-17 16:51:04.4272||INFO|QQQidian.Controllers.HomeController|Enter getCustomerInfos |url: https://localhost/cus|action: getCustomerInfos
2019-09-17 16:51:05.4338||WARN|QQQidian.Controllers.HomeController|Fail to get the Info of this Customer.CustomerId = 28521750970000000000000000000014.Retry Count = 0 |url: https://localhost/cus|action: getCustomerInfos
2019-09-17 16:51:05.4679||WARN|QQQidian.Controllers.HomeController|Fail to get the Info of this Customer.CustomerId = 28521750970000000000000000000004.Retry Count = 0 |url: https://localhost/cus|action: getCustomerInfos
2019-09-17 16:51:05.5087||WARN|QQQidian.Controllers.HomeController|Fail to get the Info of this Customer.CustomerId = 28521750970000000000000000000019.Retry Count = 0 |url: https://localhost/cus|action: getCustomerInfos
2019-09-17 16:51:05.5765||WARN|QQQidian.Controllers.HomeController|Fail to get the Info of this Customer.CustomerId = 28521750970000000000000000000047.Retry Count = 0 |url: https://localhost/cus|action: getCustomerInfos
2019-09-17 16:51:05.5997||WARN|QQQidian.Controllers.HomeController|Fail to get the Info of this Customer.CustomerId = 28521750970000000000000000000051.Retry Count = 0 |url: https://localhost/cus|action: getCustomerInfos
2019-09-17 16:51:05.6555||WARN|QQQidian.Controllers.HomeController|Fail to get the Info of this Customer.CustomerId = 28521750970000000000000000000014.Retry Count = 1 |url: https://localhost/cus|action: getCustomerInfos
2019-09-17 16:51:05.6555||WARN|QQQidian.Controllers.HomeController|Fail to get the Info of this Customer.CustomerId = 28521750970000000000000000000065.Retry Count = 0 |url: https://localhost/cus|action: getCustomerInfos
2019-09-17 16:51:05.7231||WARN|QQQidian.Controllers.HomeController|Fail to get the Info of this Customer.CustomerId = 28521750970000000000000000000062.Retry Count = 0 |url: https://localhost/cus|action: getCustomerInfos
2019-09-17 16:51:05.7333||WARN|QQQidian.Controllers.HomeController|Fail to get the Info of this Customer.CustomerId = 28521750970000000000000000000073.Retry Count = 0 |url: https://localhost/cus|action: getCustomerInfos
2019-09-17 16:51:05.7333||WARN|QQQidian.Controllers.HomeController|Fail to get the Info of this Customer.CustomerId = 28521750970000000000000000000004.Retry Count = 1 |url: https://localhost/cus|action: getCustomerInfos
2019-09-17 16:51:05.7601||WARN|QQQidian.Controllers.HomeController|Fail to get the Info of this Customer.CustomerId = 28521750970000000000000000000019.Retry Count = 1 |url: https://localhost/cus|action: getCustomerInfos
2019-09-17 16:51:05.7861||WARN|QQQidian.Controllers.HomeController|Fail to get the Info of this Customer.CustomerId = 28521750970000000000000000000080.Retry Count = 0 |url: https://localhost/cus|action: getCustomerInfos
2019-09-17 16:51:05.8013||WARN|QQQidian.Controllers.HomeController|Fail to get the Info of this Customer.CustomerId = 28521750970000000000000000000074.Retry Count = 0 |url: https://localhost/cus|action: getCustomerInfos
2019-09-17 16:51:05.8573||WARN|QQQidian.Controllers.HomeController|Fail to get the Info of this Customer.CustomerId = 28521750970000000000000000000047.Retry Count = 1 |url: https://localhost/cus|action: getCustomerInfos
2019-09-17 16:51:05.8573||WARN|QQQidian.Controllers.HomeController|Fail to get the Info of this Customer.CustomerId = 28521750970000000000000000000051.Retry Count = 1 |url: https://localhost/cus|action: getCustomerInfos
2019-09-17 16:51:05.9355||WARN|QQQidian.Controllers.HomeController|Fail to get the Info of this Customer.CustomerId = 28521750970000000000000000000097.Retry Count = 0 |url: https://localhost/cus|action: getCustomerInfos
2019-09-17 16:51:05.9355||WARN|QQQidian.Controllers.HomeController|Fail to get the Info of this Customer.CustomerId = 28521750970000000000000000000065.Retry Count = 1 |url: https://localhost/cus|action: getCustomerInfos
2019-09-17 16:51:05.9598||WARN|QQQidian.Controllers.HomeController|Fail to get the Info of this Customer.CustomerId = 28521750970000000000000000000062.Retry Count = 1 |url: https://localhost/cus|action: getCustomerInfos
2019-09-17 16:51:05.9806||WARN|QQQidian.Controllers.HomeController|Fail to get the Info of this Customer.CustomerId = 28521750970000000000000000000073.Retry Count = 1 |url: https://localhost/cus|action: getCustomerInfos
2019-09-17 16:51:05.9925||WARN|QQQidian.Controllers.HomeController|Fail to get the Info of this Customer.CustomerId = 28521750970000000000000000000080.Retry Count = 1 |url: https://localhost/cus|action: getCustomerInfos
2019-09-17 16:51:06.0350||WARN|QQQidian.Controllers.HomeController|Fail to get the Info of this Customer.CustomerId = 28521750970000000000000000000074.Retry Count = 1 |url: https://localhost/cus|action: getCustomerInfos
2019-09-17 16:51:06.2124||WARN|QQQidian.Controllers.HomeController|Fail to get the Info of this Customer.CustomerId = 28521750970000000000000000000097.Retry Count = 1 |url: https://localhost/cus|action: getCustomerInfos
2019-09-17 16:51:06.4141||WARN|QQQidian.Controllers.HomeController|Fail to get the Info of this Customer.CustomerId = 28521750970000000000000000000187.Retry Count = 0 |url: https://localhost/cus|action: getCustomerInfos
2019-09-17 16:51:06.4760||WARN|QQQidian.Controllers.HomeController|Fail to get the Info of this Customer.CustomerId = 28521750970000000000000000000228.Retry Count = 0 |url: https://localhost/cus|action: getCustomerInfos
2019-09-17 16:51:06.6601||WARN|QQQidian.Controllers.HomeController|Fail to get the Info of this Customer.CustomerId = 28521750970000000000000000000187.Retry Count = 1 |url: https://localhost/cus|action: getCustomerInfos
2019-09-17 16:51:06.7216||WARN|QQQidian.Controllers.HomeController|Fail to get the Info of this Customer.CustomerId = 28521750970000000000000000000228.Retry Count = 1 |url: https://localhost/cus|action: getCustomerInfos
2019-09-17 16:54:28.2104||DEBUG|QQQidian.Program|init main |url: |action: 
2019-09-17 16:54:34.3938||INFO|QQQidian.Controllers.HomeController|Enter getCustomerInfos |url: https://localhost/cus|action: getCustomerInfos
2019-09-17 16:54:35.5605||WARN|QQQidian.Controllers.HomeController|Fail to get the Info of this Customer.CustomerId = 28521750970000000000000000000004.Retry Count = 0 |url: https://localhost/cus|action: getCustomerInfos
2019-09-17 16:54:35.7510||WARN|QQQidian.Controllers.HomeController|Fail to get the Info of this Customer.CustomerId = 28521750970000000000000000000004.Retry Count = 1 |url: https://localhost/cus|action: getCustomerInfos
2019-09-17 16:54:36.1708||WARN|QQQidian.Controllers.HomeController|Fail to get the Info of this Customer.CustomerId = 28521750970000000000000000000014.Retry Count = 0 |url: https://localhost/cus|action: getCustomerInfos
2019-09-17 16:54:36.3823||WARN|QQQidian.Controllers.HomeController|Fail to get the Info of this Customer.CustomerId = 28521750970000000000000000000014.Retry Count = 1 |url: https://localhost/cus|action: getCustomerInfos
2019-09-17 16:54:36.6919||WARN|QQQidian.Controllers.HomeController|Fail to get the Info of this Customer.CustomerId = 28521750970000000000000000000019.Retry Count = 0 |url: https://localhost/cus|action: getCustomerInfos
2019-09-17 16:54:36.9130||WARN|QQQidian.Controllers.HomeController|Fail to get the Info of this Customer.CustomerId = 28521750970000000000000000000019.Retry Count = 1 |url: https://localhost/cus|action: getCustomerInfos
2019-09-17 16:54:39.5990||WARN|QQQidian.Controllers.HomeController|Fail to get the Info of this Customer.CustomerId = 28521750970000000000000000000047.Retry Count = 0 |url: https://localhost/cus|action: getCustomerInfos
2019-09-17 16:54:39.8081||WARN|QQQidian.Controllers.HomeController|Fail to get the Info of this Customer.CustomerId = 28521750970000000000000000000047.Retry Count = 1 |url: https://localhost/cus|action: getCustomerInfos
2019-09-17 16:54:40.0784||WARN|QQQidian.Controllers.HomeController|Fail to get the Info of this Customer.CustomerId = 28521750970000000000000000000051.Retry Count = 0 |url: https://localhost/cus|action: getCustomerInfos
2019-09-17 16:54:40.3353||WARN|QQQidian.Controllers.HomeController|Fail to get the Info of this Customer.CustomerId = 28521750970000000000000000000051.Retry Count = 1 |url: https://localhost/cus|action: getCustomerInfos
2019-09-17 16:54:41.3250||WARN|QQQidian.Controllers.HomeController|Fail to get the Info of this Customer.CustomerId = 28521750970000000000000000000062.Retry Count = 0 |url: https://localhost/cus|action: getCustomerInfos
2019-09-17 16:54:41.4259||WARN|QQQidian.Controllers.HomeController|Fail to get the Info of this Customer.CustomerId = 28521750970000000000000000000065.Retry Count = 0 |url: https://localhost/cus|action: getCustomerInfos
2019-09-17 16:54:41.5102||WARN|QQQidian.Controllers.HomeController|Fail to get the Info of this Customer.CustomerId = 28521750970000000000000000000062.Retry Count = 1 |url: https://localhost/cus|action: getCustomerInfos
2019-09-17 16:54:41.6271||WARN|QQQidian.Controllers.HomeController|Fail to get the Info of this Customer.CustomerId = 28521750970000000000000000000065.Retry Count = 1 |url: https://localhost/cus|action: getCustomerInfos
2019-09-17 16:54:42.2526||WARN|QQQidian.Controllers.HomeController|Fail to get the Info of this Customer.CustomerId = 28521750970000000000000000000073.Retry Count = 0 |url: https://localhost/cus|action: getCustomerInfos
2019-09-17 16:54:42.3525||WARN|QQQidian.Controllers.HomeController|Fail to get the Info of this Customer.CustomerId = 28521750970000000000000000000074.Retry Count = 0 |url: https://localhost/cus|action: getCustomerInfos
2019-09-17 16:54:42.4241||WARN|QQQidian.Controllers.HomeController|Fail to get the Info of this Customer.CustomerId = 28521750970000000000000000000073.Retry Count = 1 |url: https://localhost/cus|action: getCustomerInfos
2019-09-17 16:54:42.5696||WARN|QQQidian.Controllers.HomeController|Fail to get the Info of this Customer.CustomerId = 28521750970000000000000000000074.Retry Count = 1 |url: https://localhost/cus|action: getCustomerInfos
2019-09-17 16:54:42.9834||WARN|QQQidian.Controllers.HomeController|Fail to get the Info of this Customer.CustomerId = 28521750970000000000000000000080.Retry Count = 0 |url: https://localhost/cus|action: getCustomerInfos
2019-09-17 16:54:43.1706||WARN|QQQidian.Controllers.HomeController|Fail to get the Info of this Customer.CustomerId = 28521750970000000000000000000080.Retry Count = 1 |url: https://localhost/cus|action: getCustomerInfos
2019-09-17 16:54:44.7462||WARN|QQQidian.Controllers.HomeController|Fail to get the Info of this Customer.CustomerId = 28521750970000000000000000000097.Retry Count = 0 |url: https://localhost/cus|action: getCustomerInfos
2019-09-17 16:54:44.9289||WARN|QQQidian.Controllers.HomeController|Fail to get the Info of this Customer.CustomerId = 28521750970000000000000000000097.Retry Count = 1 |url: https://localhost/cus|action: getCustomerInfos
2019-09-17 16:54:54.0246||WARN|QQQidian.Controllers.HomeController|Fail to get the Info of this Customer.CustomerId = 28521750970000000000000000000187.Retry Count = 0 |url: https://localhost/cus|action: getCustomerInfos
2019-09-17 16:54:54.2136||WARN|QQQidian.Controllers.HomeController|Fail to get the Info of this Customer.CustomerId = 28521750970000000000000000000187.Retry Count = 1 |url: https://localhost/cus|action: getCustomerInfos
2019-09-17 16:54:58.3125||WARN|QQQidian.Controllers.HomeController|Fail to get the Info of this Customer.CustomerId = 28521750970000000000000000000228.Retry Count = 0 |url: https://localhost/cus|action: getCustomerInfos
2019-09-17 16:54:58.5457||WARN|QQQidian.Controllers.HomeController|Fail to get the Info of this Customer.CustomerId = 28521750970000000000000000000228.Retry Count = 1 |url: https://localhost/cus|action: getCustomerInfos
2019-09-17 16:55:14.2136||INFO|QQQidian.Controllers.HomeController|End getCustomerInfos |url: https://localhost/cus|action: getCustomerInfos
