2019-09-17 16:46:58.6481||DEBUG|QQQidian.Program|init main 
2019-09-17 16:47:01.2888||INFO|Microsoft.AspNetCore.DataProtection.KeyManagement.XmlKeyManager|User profile is available. Using 'C:\Users\jiaro\AppData\Local\ASP.NET\DataProtection-Keys' as key repository and Windows DPAPI to encrypt keys at rest. 
2019-09-17 16:47:03.7157|1|INFO|Microsoft.AspNetCore.Hosting.Internal.WebHost|Request starting HTTP/1.1 GET https://localhost:5001/   
2019-09-17 16:47:03.7866|0|INFO|Microsoft.AspNetCore.Routing.EndpointMiddleware|Executing endpoint 'QQQidian.Controllers.HomeController.Index (QQQidian)' 
2019-09-17 16:47:03.8163|3|INFO|Microsoft.AspNetCore.Mvc.Internal.ControllerActionInvoker|Route matched with {action = "Index", controller = "Home"}. Executing controller action with signature Microsoft.AspNetCore.Mvc.IActionResult Index() on controller QQQidian.Controllers.HomeController (QQQidian). 
2019-09-17 16:47:03.8338|1|INFO|Microsoft.AspNetCore.Mvc.Internal.ControllerActionInvoker|Executing action method QQQidian.Controllers.HomeController.Index (QQQidian) - Validation state: Valid 
2019-09-17 16:47:03.9222|2|INFO|Microsoft.AspNetCore.Mvc.Internal.ControllerActionInvoker|Executed action method QQQidian.Controllers.HomeController.Index (QQQidian), returned result Microsoft.AspNetCore.Mvc.ViewResult in 78.2832ms. 
2019-09-17 16:47:03.9525|1|INFO|Microsoft.AspNetCore.Mvc.ViewFeatures.ViewResultExecutor|Executing ViewResult, running view Index. 
2019-09-17 16:47:04.2110|4|INFO|Microsoft.AspNetCore.Mvc.ViewFeatures.ViewResultExecutor|Executed ViewResult - view Index executed in 275.1107ms. 
2019-09-17 16:47:04.2110|2|INFO|Microsoft.AspNetCore.Mvc.Internal.ControllerActionInvoker|Executed action QQQidian.Controllers.HomeController.Index (QQQidian) in 394.4048ms 
2019-09-17 16:47:04.2110|1|INFO|Microsoft.AspNetCore.Routing.EndpointMiddleware|Executed endpoint 'QQQidian.Controllers.HomeController.Index (QQQidian)' 
2019-09-17 16:47:04.2110|2|INFO|Microsoft.AspNetCore.Hosting.Internal.WebHost|Request finished in 504.2111ms 200 text/html; charset=utf-8 
2019-09-17 16:47:04.3187|1|INFO|Microsoft.AspNetCore.Hosting.Internal.WebHost|Request starting HTTP/1.1 GET https://localhost:5001/lib/bootstrap/dist/css/bootstrap.min.css   
2019-09-17 16:47:04.3205|1|INFO|Microsoft.AspNetCore.Hosting.Internal.WebHost|Request starting HTTP/1.1 GET https://localhost:5001/lib/bootstrap/dist/css/bootstrap.css   
2019-09-17 16:47:04.3205|1|INFO|Microsoft.AspNetCore.Hosting.Internal.WebHost|Request starting HTTP/1.1 GET https://localhost:5001/css/datepicker.min.css   
2019-09-17 16:47:04.3205|1|INFO|Microsoft.AspNetCore.Hosting.Internal.WebHost|Request starting HTTP/1.1 GET https://localhost:5001/lib/jquery/dist/jquery.min.js   
2019-09-17 16:47:04.3205|6|INFO|Microsoft.AspNetCore.StaticFiles.StaticFileMiddleware|The file /css/datepicker.min.css was not modified 
2019-09-17 16:47:04.3205|6|INFO|Microsoft.AspNetCore.StaticFiles.StaticFileMiddleware|The file /lib/bootstrap/dist/css/bootstrap.min.css was not modified 
2019-09-17 16:47:04.3576|2|INFO|Microsoft.AspNetCore.Hosting.Internal.WebHost|Request finished in 38.9668ms 304 text/css 
2019-09-17 16:47:04.3399|1|INFO|Microsoft.AspNetCore.Hosting.Internal.WebHost|Request starting HTTP/1.1 GET https://localhost:5001/css/site.css   
2019-09-17 16:47:04.3399|2|INFO|Microsoft.AspNetCore.Hosting.Internal.WebHost|Request finished in 15.9707ms 304 text/css 
2019-09-17 16:47:04.3576|6|INFO|Microsoft.AspNetCore.StaticFiles.StaticFileMiddleware|The file /css/site.css was not modified 
2019-09-17 16:47:04.3399|6|INFO|Microsoft.AspNetCore.StaticFiles.StaticFileMiddleware|The file /lib/jquery/dist/jquery.min.js was not modified 
2019-09-17 16:47:04.3576|2|INFO|Microsoft.AspNetCore.Hosting.Internal.WebHost|Request finished in 35.1711ms 304 application/javascript 
2019-09-17 16:47:04.3205|6|INFO|Microsoft.AspNetCore.StaticFiles.StaticFileMiddleware|The file /lib/bootstrap/dist/css/bootstrap.css was not modified 
2019-09-17 16:47:04.3576|2|INFO|Microsoft.AspNetCore.Hosting.Internal.WebHost|Request finished in 25.1444ms 304 text/css 
2019-09-17 16:47:04.3710|1|INFO|Microsoft.AspNetCore.Hosting.Internal.WebHost|Request starting HTTP/1.1 GET https://localhost:5001/js/site.js?v=4q1jwFhaPaZgr8WAUSrux6hAuh0XDg9kPS3xIVq36I0   
2019-09-17 16:47:04.3576|1|INFO|Microsoft.AspNetCore.Hosting.Internal.WebHost|Request starting HTTP/1.1 GET https://localhost:5001/lib/bootstrap/dist/js/bootstrap.min.js   
2019-09-17 16:47:04.3710|1|INFO|Microsoft.AspNetCore.Hosting.Internal.WebHost|Request starting HTTP/1.1 GET https://localhost:5001/lib/bootstrap/dist/js/bootstrap.bundle.js   
2019-09-17 16:47:04.3710|6|INFO|Microsoft.AspNetCore.StaticFiles.StaticFileMiddleware|The file /js/site.js was not modified 
2019-09-17 16:47:04.3710|6|INFO|Microsoft.AspNetCore.StaticFiles.StaticFileMiddleware|The file /lib/bootstrap/dist/js/bootstrap.min.js was not modified 
2019-09-17 16:47:04.3710|2|INFO|Microsoft.AspNetCore.Hosting.Internal.WebHost|Request finished in 51.2878ms 304 text/css 
2019-09-17 16:47:04.3710|6|INFO|Microsoft.AspNetCore.StaticFiles.StaticFileMiddleware|The file /lib/bootstrap/dist/js/bootstrap.bundle.js was not modified 
2019-09-17 16:47:04.3710|2|INFO|Microsoft.AspNetCore.Hosting.Internal.WebHost|Request finished in 12.1282ms 304 application/javascript 
2019-09-17 16:47:04.3843|2|INFO|Microsoft.AspNetCore.Hosting.Internal.WebHost|Request finished in 17.7364ms 304 application/javascript 
2019-09-17 16:47:04.3710|1|INFO|Microsoft.AspNetCore.Hosting.Internal.WebHost|Request starting HTTP/1.1 GET https://localhost:5001/lib/jquery/dist/jquery.js   
2019-09-17 16:47:04.3843|2|INFO|Microsoft.AspNetCore.Hosting.Internal.WebHost|Request finished in 7.9772ms 304 application/javascript 
2019-09-17 16:47:04.3843|1|INFO|Microsoft.AspNetCore.Hosting.Internal.WebHost|Request starting HTTP/1.1 GET https://localhost:5001/js/datepicker.min.js   
2019-09-17 16:47:04.3843|6|INFO|Microsoft.AspNetCore.StaticFiles.StaticFileMiddleware|The file /lib/jquery/dist/jquery.js was not modified 
2019-09-17 16:47:04.3843|6|INFO|Microsoft.AspNetCore.StaticFiles.StaticFileMiddleware|The file /js/datepicker.min.js was not modified 
2019-09-17 16:47:04.3843|2|INFO|Microsoft.AspNetCore.Hosting.Internal.WebHost|Request finished in 9.8243ms 304 application/javascript 
2019-09-17 16:47:04.3843|2|INFO|Microsoft.AspNetCore.Hosting.Internal.WebHost|Request finished in 6.3463ms 304 application/javascript 
2019-09-17 16:47:05.4557|1|INFO|Microsoft.AspNetCore.Hosting.Internal.WebHost|Request starting HTTP/1.1 GET https://localhost:5001/favicon.ico   
2019-09-17 16:47:05.4753|2|INFO|Microsoft.AspNetCore.StaticFiles.StaticFileMiddleware|Sending file. Request path: '/favicon.ico'. Physical path: 'D:\Development\Projects\qidianmanage\ReadExcelPOC\QQQidian\wwwroot\favicon.ico' 
2019-09-17 16:47:05.4781|2|INFO|Microsoft.AspNetCore.Hosting.Internal.WebHost|Request finished in 22.4194ms 200 image/x-icon 
2019-09-17 16:47:07.6879|1|INFO|Microsoft.AspNetCore.Hosting.Internal.WebHost|Request starting HTTP/1.1 GET https://localhost:5001/cus?   
2019-09-17 16:47:07.6879|0|INFO|Microsoft.AspNetCore.Routing.EndpointMiddleware|Executing endpoint 'QQQidian.Controllers.HomeController.getCustomerInfos (QQQidian)' 
2019-09-17 16:47:07.6990|3|INFO|Microsoft.AspNetCore.Mvc.Internal.ControllerActionInvoker|Route matched with {action = "getCustomerInfos", controller = "Home"}. Executing controller action with signature System.Threading.Tasks.Task`1[Microsoft.AspNetCore.Mvc.IActionResult] getCustomerInfos() on controller QQQidian.Controllers.HomeController (QQQidian). 
2019-09-17 16:47:07.6990|1|INFO|Microsoft.AspNetCore.Mvc.Internal.ControllerActionInvoker|Executing action method QQQidian.Controllers.HomeController.getCustomerInfos (QQQidian) - Validation state: Valid 
2019-09-17 16:47:07.7346||INFO|QQQidian.Controllers.HomeController|Enter getCustomerInfos 
2019-09-17 16:47:08.6647||WARN|QQQidian.Controllers.HomeController|Fail to get the Info of this Customer.CustomerId = 28521750970000000000000000000019.Retry Count = 0 
2019-09-17 16:47:08.6647||WARN|QQQidian.Controllers.HomeController|Fail to get the Info of this Customer.CustomerId = 28521750970000000000000000000014.Retry Count = 0 
2019-09-17 16:47:08.6647||WARN|QQQidian.Controllers.HomeController|Fail to get the Info of this Customer.CustomerId = 28521750970000000000000000000004.Retry Count = 0 
2019-09-17 16:47:08.8225||WARN|QQQidian.Controllers.HomeController|Fail to get the Info of this Customer.CustomerId = 28521750970000000000000000000051.Retry Count = 0 
2019-09-17 16:47:08.8367||WARN|QQQidian.Controllers.HomeController|Fail to get the Info of this Customer.CustomerId = 28521750970000000000000000000047.Retry Count = 0 
2019-09-17 16:47:08.8367||WARN|QQQidian.Controllers.HomeController|Fail to get the Info of this Customer.CustomerId = 28521750970000000000000000000065.Retry Count = 0 
2019-09-17 16:47:08.8559||WARN|QQQidian.Controllers.HomeController|Fail to get the Info of this Customer.CustomerId = 28521750970000000000000000000073.Retry Count = 0 
2019-09-17 16:47:08.8724||WARN|QQQidian.Controllers.HomeController|Fail to get the Info of this Customer.CustomerId = 28521750970000000000000000000062.Retry Count = 0 
2019-09-17 16:47:08.8847||WARN|QQQidian.Controllers.HomeController|Fail to get the Info of this Customer.CustomerId = 28521750970000000000000000000074.Retry Count = 0 
2019-09-17 16:47:08.8847||WARN|QQQidian.Controllers.HomeController|Fail to get the Info of this Customer.CustomerId = 28521750970000000000000000000014.Retry Count = 1 
2019-09-17 16:47:08.9120||WARN|QQQidian.Controllers.HomeController|Fail to get the Info of this Customer.CustomerId = 28521750970000000000000000000004.Retry Count = 1 
2019-09-17 16:47:08.9120||WARN|QQQidian.Controllers.HomeController|Fail to get the Info of this Customer.CustomerId = 28521750970000000000000000000080.Retry Count = 0 
2019-09-17 16:47:08.9323||WARN|QQQidian.Controllers.HomeController|Fail to get the Info of this Customer.CustomerId = 28521750970000000000000000000019.Retry Count = 1 
2019-09-17 16:47:08.9734||WARN|QQQidian.Controllers.HomeController|Fail to get the Info of this Customer.CustomerId = 28521750970000000000000000000097.Retry Count = 0 
2019-09-17 16:47:09.0508||WARN|QQQidian.Controllers.HomeController|Fail to get the Info of this Customer.CustomerId = 28521750970000000000000000000051.Retry Count = 1 
2019-09-17 16:47:09.0724||WARN|QQQidian.Controllers.HomeController|Fail to get the Info of this Customer.CustomerId = 28521750970000000000000000000047.Retry Count = 1 
2019-09-17 16:47:09.0724||WARN|QQQidian.Controllers.HomeController|Fail to get the Info of this Customer.CustomerId = 28521750970000000000000000000065.Retry Count = 1 
2019-09-17 16:47:09.0918||WARN|QQQidian.Controllers.HomeController|Fail to get the Info of this Customer.CustomerId = 28521750970000000000000000000073.Retry Count = 1 
2019-09-17 16:47:09.0918||WARN|QQQidian.Controllers.HomeController|Fail to get the Info of this Customer.CustomerId = 28521750970000000000000000000062.Retry Count = 1 
2019-09-17 16:47:09.1170||WARN|QQQidian.Controllers.HomeController|Fail to get the Info of this Customer.CustomerId = 28521750970000000000000000000074.Retry Count = 1 
2019-09-17 16:47:09.1170||WARN|QQQidian.Controllers.HomeController|Fail to get the Info of this Customer.CustomerId = 28521750970000000000000000000080.Retry Count = 1 
2019-09-17 16:47:09.2095||WARN|QQQidian.Controllers.HomeController|Fail to get the Info of this Customer.CustomerId = 28521750970000000000000000000097.Retry Count = 1 
2019-09-17 16:47:09.5145||WARN|QQQidian.Controllers.HomeController|Fail to get the Info of this Customer.CustomerId = 28521750970000000000000000000187.Retry Count = 0 
2019-09-17 16:47:09.7244||WARN|QQQidian.Controllers.HomeController|Fail to get the Info of this Customer.CustomerId = 28521750970000000000000000000187.Retry Count = 1 
2019-09-17 16:47:09.7682||WARN|QQQidian.Controllers.HomeController|Fail to get the Info of this Customer.CustomerId = 28521750970000000000000000000228.Retry Count = 0 
2019-09-17 16:47:10.0198||WARN|QQQidian.Controllers.HomeController|Fail to get the Info of this Customer.CustomerId = 28521750970000000000000000000228.Retry Count = 1 
2019-09-17 16:47:39.0244||INFO|QQQidian.Controllers.HomeController|Leave getCustomerInfos 
2019-09-17 16:47:39.0244|2|INFO|Microsoft.AspNetCore.Mvc.Internal.ControllerActionInvoker|Executed action method QQQidian.Controllers.HomeController.getCustomerInfos (QQQidian), returned result Microsoft.AspNetCore.Mvc.OkObjectResult in 31325.8452ms. 
2019-09-17 16:47:39.0244|1|INFO|Microsoft.AspNetCore.Mvc.Infrastructure.ObjectResultExecutor|Executing ObjectResult, writing value of type 'ReadExcelPOC.Models.ResponseObject'. 
2019-09-17 16:47:39.0459|2|INFO|Microsoft.AspNetCore.Mvc.Internal.ControllerActionInvoker|Executed action QQQidian.Controllers.HomeController.getCustomerInfos (QQQidian) in 31344.843ms 
2019-09-17 16:47:39.0459|1|INFO|Microsoft.AspNetCore.Routing.EndpointMiddleware|Executed endpoint 'QQQidian.Controllers.HomeController.getCustomerInfos (QQQidian)' 
2019-09-17 16:47:39.0459|2|INFO|Microsoft.AspNetCore.Hosting.Internal.WebHost|Request finished in 31362.098ms 200 application/json; charset=utf-8 
2019-09-17 16:50:58.2361||DEBUG|QQQidian.Program|init main 
2019-09-17 16:50:59.2084||INFO|Microsoft.AspNetCore.DataProtection.KeyManagement.XmlKeyManager|User profile is available. Using 'C:\Users\jiaro\AppData\Local\ASP.NET\DataProtection-Keys' as key repository and Windows DPAPI to encrypt keys at rest. 
2019-09-17 16:51:00.8611|1|INFO|Microsoft.AspNetCore.Hosting.Internal.WebHost|Request starting HTTP/1.1 GET https://localhost:5001/   
2019-09-17 16:51:00.9589|0|INFO|Microsoft.AspNetCore.Routing.EndpointMiddleware|Executing endpoint 'QQQidian.Controllers.HomeController.Index (QQQidian)' 
2019-09-17 16:51:01.0528|3|INFO|Microsoft.AspNetCore.Mvc.Internal.ControllerActionInvoker|Route matched with {action = "Index", controller = "Home"}. Executing controller action with signature Microsoft.AspNetCore.Mvc.IActionResult Index() on controller QQQidian.Controllers.HomeController (QQQidian). 
2019-09-17 16:51:01.0842|1|INFO|Microsoft.AspNetCore.Mvc.Internal.ControllerActionInvoker|Executing action method QQQidian.Controllers.HomeController.Index (QQQidian) - Validation state: Valid 
2019-09-17 16:51:01.2036|2|INFO|Microsoft.AspNetCore.Mvc.Internal.ControllerActionInvoker|Executed action method QQQidian.Controllers.HomeController.Index (QQQidian), returned result Microsoft.AspNetCore.Mvc.ViewResult in 104.4267ms. 
2019-09-17 16:51:01.2453|1|INFO|Microsoft.AspNetCore.Mvc.ViewFeatures.ViewResultExecutor|Executing ViewResult, running view Index. 
2019-09-17 16:51:01.6672|4|INFO|Microsoft.AspNetCore.Mvc.ViewFeatures.ViewResultExecutor|Executed ViewResult - view Index executed in 442.6126ms. 
2019-09-17 16:51:01.6672|2|INFO|Microsoft.AspNetCore.Mvc.Internal.ControllerActionInvoker|Executed action QQQidian.Controllers.HomeController.Index (QQQidian) in 615.1847ms 
2019-09-17 16:51:01.6672|1|INFO|Microsoft.AspNetCore.Routing.EndpointMiddleware|Executed endpoint 'QQQidian.Controllers.HomeController.Index (QQQidian)' 
2019-09-17 16:51:01.6881|2|INFO|Microsoft.AspNetCore.Hosting.Internal.WebHost|Request finished in 828.314ms 200 text/html; charset=utf-8 
2019-09-17 16:51:04.3905|1|INFO|Microsoft.AspNetCore.Hosting.Internal.WebHost|Request starting HTTP/1.1 GET https://localhost:5001/cus?   
2019-09-17 16:51:04.3905|0|INFO|Microsoft.AspNetCore.Routing.EndpointMiddleware|Executing endpoint 'QQQidian.Controllers.HomeController.getCustomerInfos (QQQidian)' 
2019-09-17 16:51:04.4056|3|INFO|Microsoft.AspNetCore.Mvc.Internal.ControllerActionInvoker|Route matched with {action = "getCustomerInfos", controller = "Home"}. Executing controller action with signature System.Threading.Tasks.Task`1[Microsoft.AspNetCore.Mvc.IActionResult] getCustomerInfos() on controller QQQidian.Controllers.HomeController (QQQidian). 
2019-09-17 16:51:04.4056|1|INFO|Microsoft.AspNetCore.Mvc.Internal.ControllerActionInvoker|Executing action method QQQidian.Controllers.HomeController.getCustomerInfos (QQQidian) - Validation state: Valid 
2019-09-17 16:51:04.4272||INFO|QQQidian.Controllers.HomeController|Enter getCustomerInfos 
2019-09-17 16:51:05.4338||WARN|QQQidian.Controllers.HomeController|Fail to get the Info of this Customer.CustomerId = 28521750970000000000000000000014.Retry Count = 0 
2019-09-17 16:51:05.4679||WARN|QQQidian.Controllers.HomeController|Fail to get the Info of this Customer.CustomerId = 28521750970000000000000000000004.Retry Count = 0 
2019-09-17 16:51:05.5087||WARN|QQQidian.Controllers.HomeController|Fail to get the Info of this Customer.CustomerId = 28521750970000000000000000000019.Retry Count = 0 
2019-09-17 16:51:05.5765||WARN|QQQidian.Controllers.HomeController|Fail to get the Info of this Customer.CustomerId = 28521750970000000000000000000047.Retry Count = 0 
2019-09-17 16:51:05.5997||WARN|QQQidian.Controllers.HomeController|Fail to get the Info of this Customer.CustomerId = 28521750970000000000000000000051.Retry Count = 0 
2019-09-17 16:51:05.6555||WARN|QQQidian.Controllers.HomeController|Fail to get the Info of this Customer.CustomerId = 28521750970000000000000000000014.Retry Count = 1 
2019-09-17 16:51:05.6555||WARN|QQQidian.Controllers.HomeController|Fail to get the Info of this Customer.CustomerId = 28521750970000000000000000000065.Retry Count = 0 
2019-09-17 16:51:05.7231||WARN|QQQidian.Controllers.HomeController|Fail to get the Info of this Customer.CustomerId = 28521750970000000000000000000062.Retry Count = 0 
2019-09-17 16:51:05.7333||WARN|QQQidian.Controllers.HomeController|Fail to get the Info of this Customer.CustomerId = 28521750970000000000000000000073.Retry Count = 0 
2019-09-17 16:51:05.7333||WARN|QQQidian.Controllers.HomeController|Fail to get the Info of this Customer.CustomerId = 28521750970000000000000000000004.Retry Count = 1 
2019-09-17 16:51:05.7601||WARN|QQQidian.Controllers.HomeController|Fail to get the Info of this Customer.CustomerId = 28521750970000000000000000000019.Retry Count = 1 
2019-09-17 16:51:05.7861||WARN|QQQidian.Controllers.HomeController|Fail to get the Info of this Customer.CustomerId = 28521750970000000000000000000080.Retry Count = 0 
2019-09-17 16:51:05.8013||WARN|QQQidian.Controllers.HomeController|Fail to get the Info of this Customer.CustomerId = 28521750970000000000000000000074.Retry Count = 0 
2019-09-17 16:51:05.8573||WARN|QQQidian.Controllers.HomeController|Fail to get the Info of this Customer.CustomerId = 28521750970000000000000000000047.Retry Count = 1 
2019-09-17 16:51:05.8573||WARN|QQQidian.Controllers.HomeController|Fail to get the Info of this Customer.CustomerId = 28521750970000000000000000000051.Retry Count = 1 
2019-09-17 16:51:05.9355||WARN|QQQidian.Controllers.HomeController|Fail to get the Info of this Customer.CustomerId = 28521750970000000000000000000097.Retry Count = 0 
2019-09-17 16:51:05.9355||WARN|QQQidian.Controllers.HomeController|Fail to get the Info of this Customer.CustomerId = 28521750970000000000000000000065.Retry Count = 1 
2019-09-17 16:51:05.9598||WARN|QQQidian.Controllers.HomeController|Fail to get the Info of this Customer.CustomerId = 28521750970000000000000000000062.Retry Count = 1 
2019-09-17 16:51:05.9806||WARN|QQQidian.Controllers.HomeController|Fail to get the Info of this Customer.CustomerId = 28521750970000000000000000000073.Retry Count = 1 
2019-09-17 16:51:05.9925||WARN|QQQidian.Controllers.HomeController|Fail to get the Info of this Customer.CustomerId = 28521750970000000000000000000080.Retry Count = 1 
2019-09-17 16:51:06.0350||WARN|QQQidian.Controllers.HomeController|Fail to get the Info of this Customer.CustomerId = 28521750970000000000000000000074.Retry Count = 1 
2019-09-17 16:51:06.2124||WARN|QQQidian.Controllers.HomeController|Fail to get the Info of this Customer.CustomerId = 28521750970000000000000000000097.Retry Count = 1 
2019-09-17 16:51:06.4141||WARN|QQQidian.Controllers.HomeController|Fail to get the Info of this Customer.CustomerId = 28521750970000000000000000000187.Retry Count = 0 
2019-09-17 16:51:06.4760||WARN|QQQidian.Controllers.HomeController|Fail to get the Info of this Customer.CustomerId = 28521750970000000000000000000228.Retry Count = 0 
2019-09-17 16:51:06.6601||WARN|QQQidian.Controllers.HomeController|Fail to get the Info of this Customer.CustomerId = 28521750970000000000000000000187.Retry Count = 1 
2019-09-17 16:51:06.7216||WARN|QQQidian.Controllers.HomeController|Fail to get the Info of this Customer.CustomerId = 28521750970000000000000000000228.Retry Count = 1 
2019-09-17 16:54:28.2104||DEBUG|QQQidian.Program|init main 
2019-09-17 16:54:29.3314||INFO|Microsoft.AspNetCore.DataProtection.KeyManagement.XmlKeyManager|User profile is available. Using 'C:\Users\jiaro\AppData\Local\ASP.NET\DataProtection-Keys' as key repository and Windows DPAPI to encrypt keys at rest. 
2019-09-17 16:54:31.1584|1|INFO|Microsoft.AspNetCore.Hosting.Internal.WebHost|Request starting HTTP/1.1 GET https://localhost:5001/   
2019-09-17 16:54:31.3090|0|INFO|Microsoft.AspNetCore.Routing.EndpointMiddleware|Executing endpoint 'QQQidian.Controllers.HomeController.Index (QQQidian)' 
2019-09-17 16:54:31.3662|3|INFO|Microsoft.AspNetCore.Mvc.Internal.ControllerActionInvoker|Route matched with {action = "Index", controller = "Home"}. Executing controller action with signature Microsoft.AspNetCore.Mvc.IActionResult Index() on controller QQQidian.Controllers.HomeController (QQQidian). 
2019-09-17 16:54:31.3912|1|INFO|Microsoft.AspNetCore.Mvc.Internal.ControllerActionInvoker|Executing action method QQQidian.Controllers.HomeController.Index (QQQidian) - Validation state: Valid 
2019-09-17 16:54:31.5238|2|INFO|Microsoft.AspNetCore.Mvc.Internal.ControllerActionInvoker|Executed action method QQQidian.Controllers.HomeController.Index (QQQidian), returned result Microsoft.AspNetCore.Mvc.ViewResult in 125.563ms. 
2019-09-17 16:54:31.5711|1|INFO|Microsoft.AspNetCore.Mvc.ViewFeatures.ViewResultExecutor|Executing ViewResult, running view Index. 
2019-09-17 16:54:31.8636|4|INFO|Microsoft.AspNetCore.Mvc.ViewFeatures.ViewResultExecutor|Executed ViewResult - view Index executed in 314.5014ms. 
2019-09-17 16:54:31.8636|2|INFO|Microsoft.AspNetCore.Mvc.Internal.ControllerActionInvoker|Executed action QQQidian.Controllers.HomeController.Index (QQQidian) in 498.9871ms 
2019-09-17 16:54:31.8636|1|INFO|Microsoft.AspNetCore.Routing.EndpointMiddleware|Executed endpoint 'QQQidian.Controllers.HomeController.Index (QQQidian)' 
2019-09-17 16:54:31.8761|2|INFO|Microsoft.AspNetCore.Hosting.Internal.WebHost|Request finished in 717.8434ms 200 text/html; charset=utf-8 
2019-09-17 16:54:34.3556|1|INFO|Microsoft.AspNetCore.Hosting.Internal.WebHost|Request starting HTTP/1.1 GET https://localhost:5001/cus?   
2019-09-17 16:54:34.3556|0|INFO|Microsoft.AspNetCore.Routing.EndpointMiddleware|Executing endpoint 'QQQidian.Controllers.HomeController.getCustomerInfos (QQQidian)' 
2019-09-17 16:54:34.3705|3|INFO|Microsoft.AspNetCore.Mvc.Internal.ControllerActionInvoker|Route matched with {action = "getCustomerInfos", controller = "Home"}. Executing controller action with signature System.Threading.Tasks.Task`1[Microsoft.AspNetCore.Mvc.IActionResult] getCustomerInfos() on controller QQQidian.Controllers.HomeController (QQQidian). 
2019-09-17 16:54:34.3705|1|INFO|Microsoft.AspNetCore.Mvc.Internal.ControllerActionInvoker|Executing action method QQQidian.Controllers.HomeController.getCustomerInfos (QQQidian) - Validation state: Valid 
2019-09-17 16:54:34.3938||INFO|QQQidian.Controllers.HomeController|Enter getCustomerInfos 
2019-09-17 16:54:35.5605||WARN|QQQidian.Controllers.HomeController|Fail to get the Info of this Customer.CustomerId = 28521750970000000000000000000004.Retry Count = 0 
2019-09-17 16:54:35.7510||WARN|QQQidian.Controllers.HomeController|Fail to get the Info of this Customer.CustomerId = 28521750970000000000000000000004.Retry Count = 1 
2019-09-17 16:54:36.1708||WARN|QQQidian.Controllers.HomeController|Fail to get the Info of this Customer.CustomerId = 28521750970000000000000000000014.Retry Count = 0 
2019-09-17 16:54:36.3823||WARN|QQQidian.Controllers.HomeController|Fail to get the Info of this Customer.CustomerId = 28521750970000000000000000000014.Retry Count = 1 
2019-09-17 16:54:36.6919||WARN|QQQidian.Controllers.HomeController|Fail to get the Info of this Customer.CustomerId = 28521750970000000000000000000019.Retry Count = 0 
2019-09-17 16:54:36.9130||WARN|QQQidian.Controllers.HomeController|Fail to get the Info of this Customer.CustomerId = 28521750970000000000000000000019.Retry Count = 1 
2019-09-17 16:54:39.5990||WARN|QQQidian.Controllers.HomeController|Fail to get the Info of this Customer.CustomerId = 28521750970000000000000000000047.Retry Count = 0 
2019-09-17 16:54:39.8081||WARN|QQQidian.Controllers.HomeController|Fail to get the Info of this Customer.CustomerId = 28521750970000000000000000000047.Retry Count = 1 
2019-09-17 16:54:40.0687|1|INFO|Microsoft.AspNetCore.Hosting.Internal.WebHost|Request starting HTTP/1.1 GET https://localhost:5001/lib/bootstrap/dist/js/bootstrap.bundle.js.map   
2019-09-17 16:54:40.0687|1|INFO|Microsoft.AspNetCore.Hosting.Internal.WebHost|Request starting HTTP/1.1 GET https://localhost:5001/lib/bootstrap/dist/js/bootstrap.min.js.map   
2019-09-17 16:54:40.0784|6|INFO|Microsoft.AspNetCore.StaticFiles.StaticFileMiddleware|The file /lib/bootstrap/dist/js/bootstrap.min.js.map was not modified 
2019-09-17 16:54:40.0784|6|INFO|Microsoft.AspNetCore.StaticFiles.StaticFileMiddleware|The file /lib/bootstrap/dist/js/bootstrap.bundle.js.map was not modified 
2019-09-17 16:54:40.0784||WARN|QQQidian.Controllers.HomeController|Fail to get the Info of this Customer.CustomerId = 28521750970000000000000000000051.Retry Count = 0 
2019-09-17 16:54:40.0784|2|INFO|Microsoft.AspNetCore.Hosting.Internal.WebHost|Request finished in 14.2942ms 304 text/plain 
2019-09-17 16:54:40.0784|2|INFO|Microsoft.AspNetCore.Hosting.Internal.WebHost|Request finished in 15.5392ms 304 text/plain 
2019-09-17 16:54:40.1480|1|INFO|Microsoft.AspNetCore.Hosting.Internal.WebHost|Request starting HTTP/1.1 GET https://localhost:5001/lib/bootstrap/dist/css/bootstrap.css.map   
2019-09-17 16:54:40.1507|1|INFO|Microsoft.AspNetCore.Hosting.Internal.WebHost|Request starting HTTP/1.1 GET https://localhost:5001/lib/bootstrap/dist/css/bootstrap.min.css.map   
2019-09-17 16:54:40.1507|6|INFO|Microsoft.AspNetCore.StaticFiles.StaticFileMiddleware|The file /lib/bootstrap/dist/css/bootstrap.min.css.map was not modified 
2019-09-17 16:54:40.1507|2|INFO|Microsoft.AspNetCore.Hosting.Internal.WebHost|Request finished in 6.3155ms 304 text/plain 
2019-09-17 16:54:40.1507|6|INFO|Microsoft.AspNetCore.StaticFiles.StaticFileMiddleware|The file /lib/bootstrap/dist/css/bootstrap.css.map was not modified 
2019-09-17 16:54:40.1641|2|INFO|Microsoft.AspNetCore.Hosting.Internal.WebHost|Request finished in 16.2146ms 304 text/plain 
2019-09-17 16:54:40.3353||WARN|QQQidian.Controllers.HomeController|Fail to get the Info of this Customer.CustomerId = 28521750970000000000000000000051.Retry Count = 1 
2019-09-17 16:54:41.3250||WARN|QQQidian.Controllers.HomeController|Fail to get the Info of this Customer.CustomerId = 28521750970000000000000000000062.Retry Count = 0 
2019-09-17 16:54:41.4259||WARN|QQQidian.Controllers.HomeController|Fail to get the Info of this Customer.CustomerId = 28521750970000000000000000000065.Retry Count = 0 
2019-09-17 16:54:41.5102||WARN|QQQidian.Controllers.HomeController|Fail to get the Info of this Customer.CustomerId = 28521750970000000000000000000062.Retry Count = 1 
2019-09-17 16:54:41.6271||WARN|QQQidian.Controllers.HomeController|Fail to get the Info of this Customer.CustomerId = 28521750970000000000000000000065.Retry Count = 1 
2019-09-17 16:54:42.2526||WARN|QQQidian.Controllers.HomeController|Fail to get the Info of this Customer.CustomerId = 28521750970000000000000000000073.Retry Count = 0 
2019-09-17 16:54:42.3525||WARN|QQQidian.Controllers.HomeController|Fail to get the Info of this Customer.CustomerId = 28521750970000000000000000000074.Retry Count = 0 
2019-09-17 16:54:42.4241||WARN|QQQidian.Controllers.HomeController|Fail to get the Info of this Customer.CustomerId = 28521750970000000000000000000073.Retry Count = 1 
2019-09-17 16:54:42.5696||WARN|QQQidian.Controllers.HomeController|Fail to get the Info of this Customer.CustomerId = 28521750970000000000000000000074.Retry Count = 1 
2019-09-17 16:54:42.9834||WARN|QQQidian.Controllers.HomeController|Fail to get the Info of this Customer.CustomerId = 28521750970000000000000000000080.Retry Count = 0 
2019-09-17 16:54:43.1706||WARN|QQQidian.Controllers.HomeController|Fail to get the Info of this Customer.CustomerId = 28521750970000000000000000000080.Retry Count = 1 
2019-09-17 16:54:44.7462||WARN|QQQidian.Controllers.HomeController|Fail to get the Info of this Customer.CustomerId = 28521750970000000000000000000097.Retry Count = 0 
2019-09-17 16:54:44.9289||WARN|QQQidian.Controllers.HomeController|Fail to get the Info of this Customer.CustomerId = 28521750970000000000000000000097.Retry Count = 1 
2019-09-17 16:54:54.0246||WARN|QQQidian.Controllers.HomeController|Fail to get the Info of this Customer.CustomerId = 28521750970000000000000000000187.Retry Count = 0 
2019-09-17 16:54:54.2136||WARN|QQQidian.Controllers.HomeController|Fail to get the Info of this Customer.CustomerId = 28521750970000000000000000000187.Retry Count = 1 
2019-09-17 16:54:58.3125||WARN|QQQidian.Controllers.HomeController|Fail to get the Info of this Customer.CustomerId = 28521750970000000000000000000228.Retry Count = 0 
2019-09-17 16:54:58.5457||WARN|QQQidian.Controllers.HomeController|Fail to get the Info of this Customer.CustomerId = 28521750970000000000000000000228.Retry Count = 1 
2019-09-17 16:55:14.2136||INFO|QQQidian.Controllers.HomeController|End getCustomerInfos 
2019-09-17 16:55:14.2136|2|INFO|Microsoft.AspNetCore.Mvc.Internal.ControllerActionInvoker|Executed action method QQQidian.Controllers.HomeController.getCustomerInfos (QQQidian), returned result Microsoft.AspNetCore.Mvc.FileContentResult in 39846.0295ms. 
2019-09-17 16:55:14.2136|2|INFO|Microsoft.AspNetCore.Mvc.Infrastructure.FileContentResultExecutor|Executing Microsoft.AspNetCore.Mvc.FileContentResult, sending file with download name 'cusInfoJson_20190917165514.csv' ... 
2019-09-17 16:55:14.2817|2|INFO|Microsoft.AspNetCore.Mvc.Internal.ControllerActionInvoker|Executed action QQQidian.Controllers.HomeController.getCustomerInfos (QQQidian) in 39910.6353ms 
2019-09-17 16:55:14.2889|1|INFO|Microsoft.AspNetCore.Routing.EndpointMiddleware|Executed endpoint 'QQQidian.Controllers.HomeController.getCustomerInfos (QQQidian)' 
2019-09-17 16:55:14.2889|2|INFO|Microsoft.AspNetCore.Hosting.Internal.WebHost|Request finished in 39938.4442ms 200 application/csv 
