2019-09-02 14:54:51.7702||DEBUG|ReadExcelPOC.Program|init main 
2019-09-02 14:54:54.0316||INFO|Microsoft.AspNetCore.DataProtection.KeyManagement.XmlKeyManager|User profile is available. Using 'C:\Users\jiaro\AppData\Local\ASP.NET\DataProtection-Keys' as key repository and Windows DPAPI to encrypt keys at rest. 
2019-09-02 14:54:54.7201|1|INFO|Microsoft.AspNetCore.Hosting.Internal.WebHost|Request starting HTTP/2.0 GET https://localhost:44390/   
2019-09-02 14:54:54.7913|0|INFO|Microsoft.AspNetCore.Routing.EndpointMiddleware|Executing endpoint 'ReadExcelPOC.Controllers.ViewTerminalsController.Index (ReadExcelPOC)' 
2019-09-02 14:54:54.8327|3|INFO|Microsoft.AspNetCore.Mvc.Internal.ControllerActionInvoker|Route matched with {action = "Index", controller = "ViewTerminals"}. Executing controller action with signature System.Threading.Tasks.Task`1[Microsoft.AspNetCore.Mvc.IActionResult] Index(Int32, System.String) on controller ReadExcelPOC.Controllers.ViewTerminalsController (ReadExcelPOC). 
2019-09-02 14:54:55.2419|1|INFO|Microsoft.AspNetCore.Mvc.Internal.ControllerActionInvoker|Executing action method ReadExcelPOC.Controllers.ViewTerminalsController.Index (ReadExcelPOC) - Validation state: Valid 
2019-09-02 14:54:55.5486|10403|INFO|Microsoft.EntityFrameworkCore.Infrastructure|Entity Framework Core 2.2.6-servicing-10079 initialized 'DBContext' using provider 'Microsoft.EntityFrameworkCore.SqlServer' with options: None 
2019-09-02 14:54:56.2558|20101|INFO|Microsoft.EntityFrameworkCore.Database.Command|Executed DbCommand (70ms) [Parameters=[], CommandType='Text', CommandTimeout='30']
SELECT [t].[Id], [t].[ExtendField1], [t].[ExtendField2], [t].[ExtendField3], [t].[ExtendField4], [t].[ExtendField5], [t].[ExtendField6], [t].[ExtendField7], [t].[ExtendField8], [t].[PortGEOID], [t].[PortName], [t].[PortRKST], [t].[Sub Area], [t].[TerminalGEOID], [t].[TerminalName], [t].[TerminalRKSTCode]
FROM [Terminal] AS [t] 
2019-09-02 14:54:56.3460|2|INFO|Microsoft.AspNetCore.Mvc.Internal.ControllerActionInvoker|Executed action method ReadExcelPOC.Controllers.ViewTerminalsController.Index (ReadExcelPOC), returned result Microsoft.AspNetCore.Mvc.ViewResult in 1090.4932ms. 
2019-09-02 14:54:56.3744|1|INFO|Microsoft.AspNetCore.Mvc.ViewFeatures.ViewResultExecutor|Executing ViewResult, running view Index. 
2019-09-02 14:54:56.8492|4|INFO|Microsoft.AspNetCore.Mvc.ViewFeatures.ViewResultExecutor|Executed ViewResult - view Index executed in 488.5939ms. 
2019-09-02 14:54:56.8492|2|INFO|Microsoft.AspNetCore.Mvc.Internal.ControllerActionInvoker|Executed action ReadExcelPOC.Controllers.ViewTerminalsController.Index (ReadExcelPOC) in 2019.4725ms 
2019-09-02 14:54:56.8571|1|INFO|Microsoft.AspNetCore.Routing.EndpointMiddleware|Executed endpoint 'ReadExcelPOC.Controllers.ViewTerminalsController.Index (ReadExcelPOC)' 
2019-09-02 14:54:56.8819|2|INFO|Microsoft.AspNetCore.Hosting.Internal.WebHost|Request finished in 2163.416ms 200 text/html; charset=utf-8 
2019-09-02 14:55:15.0764|1|INFO|Microsoft.AspNetCore.Hosting.Internal.WebHost|Request starting HTTP/2.0 GET https://localhost:44390/api/cities/alias/param?alias=fier   
2019-09-02 14:55:15.0764|0|INFO|Microsoft.AspNetCore.Routing.EndpointMiddleware|Executing endpoint 'ReadExcelPOC.Controllers.CitiesController.GetCityByAliasParam (ReadExcelPOC)' 
2019-09-02 14:55:15.1030|3|INFO|Microsoft.AspNetCore.Mvc.Internal.ControllerActionInvoker|Route matched with {action = "GetCityByAliasParam", controller = "Cities"}. Executing controller action with signature System.Threading.Tasks.Task`1[Microsoft.AspNetCore.Mvc.ActionResult`1[System.Collections.Generic.IEnumerable`1[ReadExcelPOC.Models.City]]] GetCityByAliasParam(System.String) on controller ReadExcelPOC.Controllers.CitiesController (ReadExcelPOC). 
2019-09-02 14:55:15.1090|1|INFO|Microsoft.AspNetCore.Mvc.Internal.ControllerActionInvoker|Executing action method ReadExcelPOC.Controllers.CitiesController.GetCityByAliasParam (ReadExcelPOC) - Validation state: Valid 
2019-09-02 14:55:15.1090||INFO|ReadExcelPOC.Controllers.CitiesController|Enter GetCityByAlias. Alias=fier 
2019-09-02 14:55:15.1294|10403|INFO|Microsoft.EntityFrameworkCore.Infrastructure|Entity Framework Core 2.2.6-servicing-10079 initialized 'DBContext' using provider 'Microsoft.EntityFrameworkCore.SqlServer' with options: None 
2019-09-02 14:55:15.3594|20101|INFO|Microsoft.EntityFrameworkCore.Database.Command|Executed DbCommand (184ms) [Parameters=[@__alias_0='?' (Size = 4000)], CommandType='Text', CommandTimeout='30']
SELECT DISTINCT [c].[Id], [c].[Alias], [c].[CityName], [c].[CountryName], [c].[GEOID], [c].[RKSTCode], [c].[StandardName], [c].[Status]
FROM [City] AS [c]
WHERE (CHARINDEX(@__alias_0, [c].[Alias]) > 0) OR (@__alias_0 = N'') 
2019-09-02 14:55:15.4191||INFO|ReadExcelPOC.Controllers.CitiesController|GetCityByAlias result=[{"GEOID":"2H1SM08EJEGS6","StandardName":"Caffiers,France","Alias":"Caffiers, France"},{"GEOID":"38W3BEWRWYT72","StandardName":"Fierbinti-Targ,Romania","Alias":"Fierbinti-Targ, Romania"},{"GEOID":"1LRQ74CTBWXHE","StandardName":"Fieri,Albania","Alias":"Fier"},{"GEOID":"1PL8WH3WFK45L","StandardName":"Bruffiere,France","Alias":"Bruffiere, France"}] 
2019-09-02 14:55:15.4191||INFO|ReadExcelPOC.Controllers.CitiesController|End GetCityByAlias 
2019-09-02 14:55:15.4191|2|INFO|Microsoft.AspNetCore.Mvc.Internal.ControllerActionInvoker|Executed action method ReadExcelPOC.Controllers.CitiesController.GetCityByAliasParam (ReadExcelPOC), returned result Microsoft.AspNetCore.Mvc.OkObjectResult in 315.9532ms. 
2019-09-02 14:55:15.4334|1|INFO|Microsoft.AspNetCore.Mvc.Infrastructure.ObjectResultExecutor|Executing ObjectResult, writing value of type 'System.Linq.Enumerable+SelectEnumerableIterator`2[[<>f__AnonymousType0`2[[ReadExcelPOC.Models.City, ReadExcelPOC, Version=1.0.0.0, Culture=neutral, PublicKeyToken=null],[System.Int32, System.Private.CoreLib, Version=4.0.0.0, Culture=neutral, PublicKeyToken=7cec85d7bea7798e]], ReadExcelPOC, Version=1.0.0.0, Culture=neutral, PublicKeyToken=null],[ReadExcelPOC.Models.City, ReadExcelPOC, Version=1.0.0.0, Culture=neutral, PublicKeyToken=null]]'. 
2019-09-02 14:55:15.4334|2|INFO|Microsoft.AspNetCore.Mvc.Internal.ControllerActionInvoker|Executed action ReadExcelPOC.Controllers.CitiesController.GetCityByAliasParam (ReadExcelPOC) in 337.6919ms 
2019-09-02 14:55:15.4334|1|INFO|Microsoft.AspNetCore.Routing.EndpointMiddleware|Executed endpoint 'ReadExcelPOC.Controllers.CitiesController.GetCityByAliasParam (ReadExcelPOC)' 
2019-09-02 14:55:15.4512|2|INFO|Microsoft.AspNetCore.Hosting.Internal.WebHost|Request finished in 374.7951ms 200 application/json; charset=utf-8 
2019-09-02 14:55:18.5469|1|INFO|Microsoft.AspNetCore.Hosting.Internal.WebHost|Request starting HTTP/2.0 GET https://localhost:44390/api/cities/alias/param?alias=qingdao   
2019-09-02 14:55:18.5469|0|INFO|Microsoft.AspNetCore.Routing.EndpointMiddleware|Executing endpoint 'ReadExcelPOC.Controllers.CitiesController.GetCityByAliasParam (ReadExcelPOC)' 
2019-09-02 14:55:18.5469|3|INFO|Microsoft.AspNetCore.Mvc.Internal.ControllerActionInvoker|Route matched with {action = "GetCityByAliasParam", controller = "Cities"}. Executing controller action with signature System.Threading.Tasks.Task`1[Microsoft.AspNetCore.Mvc.ActionResult`1[System.Collections.Generic.IEnumerable`1[ReadExcelPOC.Models.City]]] GetCityByAliasParam(System.String) on controller ReadExcelPOC.Controllers.CitiesController (ReadExcelPOC). 
2019-09-02 14:55:18.5469|1|INFO|Microsoft.AspNetCore.Mvc.Internal.ControllerActionInvoker|Executing action method ReadExcelPOC.Controllers.CitiesController.GetCityByAliasParam (ReadExcelPOC) - Validation state: Valid 
2019-09-02 14:55:18.5469||INFO|ReadExcelPOC.Controllers.CitiesController|Enter GetCityByAlias. Alias=qingdao 
2019-09-02 14:55:18.5469|10403|INFO|Microsoft.EntityFrameworkCore.Infrastructure|Entity Framework Core 2.2.6-servicing-10079 initialized 'DBContext' using provider 'Microsoft.EntityFrameworkCore.SqlServer' with options: None 
2019-09-02 14:55:18.7355|20101|INFO|Microsoft.EntityFrameworkCore.Database.Command|Executed DbCommand (175ms) [Parameters=[@__alias_0='?' (Size = 4000)], CommandType='Text', CommandTimeout='30']
SELECT DISTINCT [c].[Id], [c].[Alias], [c].[CityName], [c].[CountryName], [c].[GEOID], [c].[RKSTCode], [c].[StandardName], [c].[Status]
FROM [City] AS [c]
WHERE (CHARINDEX(@__alias_0, [c].[Alias]) > 0) OR (@__alias_0 = N'') 
2019-09-02 14:55:18.7355||INFO|ReadExcelPOC.Controllers.CitiesController|GetCityByAlias result=[{"GEOID":"1YCLYW8V7RZB2","StandardName":"Qingdao,China","Alias":"QINGDAO"}] 
2019-09-02 14:55:18.7355||INFO|ReadExcelPOC.Controllers.CitiesController|End GetCityByAlias 
2019-09-02 14:55:18.7355|2|INFO|Microsoft.AspNetCore.Mvc.Internal.ControllerActionInvoker|Executed action method ReadExcelPOC.Controllers.CitiesController.GetCityByAliasParam (ReadExcelPOC), returned result Microsoft.AspNetCore.Mvc.OkObjectResult in 187.5095ms. 
2019-09-02 14:55:18.7355|1|INFO|Microsoft.AspNetCore.Mvc.Infrastructure.ObjectResultExecutor|Executing ObjectResult, writing value of type 'System.Linq.Enumerable+SelectEnumerableIterator`2[[<>f__AnonymousType0`2[[ReadExcelPOC.Models.City, ReadExcelPOC, Version=1.0.0.0, Culture=neutral, PublicKeyToken=null],[System.Int32, System.Private.CoreLib, Version=4.0.0.0, Culture=neutral, PublicKeyToken=7cec85d7bea7798e]], ReadExcelPOC, Version=1.0.0.0, Culture=neutral, PublicKeyToken=null],[ReadExcelPOC.Models.City, ReadExcelPOC, Version=1.0.0.0, Culture=neutral, PublicKeyToken=null]]'. 
2019-09-02 14:55:18.7355|2|INFO|Microsoft.AspNetCore.Mvc.Internal.ControllerActionInvoker|Executed action ReadExcelPOC.Controllers.CitiesController.GetCityByAliasParam (ReadExcelPOC) in 191.5416ms 
2019-09-02 14:55:18.7355|1|INFO|Microsoft.AspNetCore.Routing.EndpointMiddleware|Executed endpoint 'ReadExcelPOC.Controllers.CitiesController.GetCityByAliasParam (ReadExcelPOC)' 
2019-09-02 14:55:18.7481|2|INFO|Microsoft.AspNetCore.Hosting.Internal.WebHost|Request finished in 201.294ms 200 application/json; charset=utf-8 
2019-09-02 14:55:21.5343|1|INFO|Microsoft.AspNetCore.Hosting.Internal.WebHost|Request starting HTTP/2.0 GET https://localhost:44390/api/cities/alias/param?alias=123   
2019-09-02 14:55:21.5343|0|INFO|Microsoft.AspNetCore.Routing.EndpointMiddleware|Executing endpoint 'ReadExcelPOC.Controllers.CitiesController.GetCityByAliasParam (ReadExcelPOC)' 
2019-09-02 14:55:21.5343|3|INFO|Microsoft.AspNetCore.Mvc.Internal.ControllerActionInvoker|Route matched with {action = "GetCityByAliasParam", controller = "Cities"}. Executing controller action with signature System.Threading.Tasks.Task`1[Microsoft.AspNetCore.Mvc.ActionResult`1[System.Collections.Generic.IEnumerable`1[ReadExcelPOC.Models.City]]] GetCityByAliasParam(System.String) on controller ReadExcelPOC.Controllers.CitiesController (ReadExcelPOC). 
2019-09-02 14:55:21.5343|1|INFO|Microsoft.AspNetCore.Mvc.Internal.ControllerActionInvoker|Executing action method ReadExcelPOC.Controllers.CitiesController.GetCityByAliasParam (ReadExcelPOC) - Validation state: Valid 
2019-09-02 14:55:21.5343||INFO|ReadExcelPOC.Controllers.CitiesController|Enter GetCityByAlias. Alias=123 
2019-09-02 14:55:21.5343|10403|INFO|Microsoft.EntityFrameworkCore.Infrastructure|Entity Framework Core 2.2.6-servicing-10079 initialized 'DBContext' using provider 'Microsoft.EntityFrameworkCore.SqlServer' with options: None 
2019-09-02 14:55:21.7078|20101|INFO|Microsoft.EntityFrameworkCore.Database.Command|Executed DbCommand (164ms) [Parameters=[@__alias_0='?' (Size = 4000)], CommandType='Text', CommandTimeout='30']
SELECT DISTINCT [c].[Id], [c].[Alias], [c].[CityName], [c].[CountryName], [c].[GEOID], [c].[RKSTCode], [c].[StandardName], [c].[Status]
FROM [City] AS [c]
WHERE (CHARINDEX(@__alias_0, [c].[Alias]) > 0) OR (@__alias_0 = N'') 
2019-09-02 14:55:21.7078||WARN|ReadExcelPOC.Controllers.CitiesController|Alias not found. 
2019-09-02 14:55:21.7078|2|INFO|Microsoft.AspNetCore.Mvc.Internal.ControllerActionInvoker|Executed action method ReadExcelPOC.Controllers.CitiesController.GetCityByAliasParam (ReadExcelPOC), returned result Microsoft.AspNetCore.Mvc.OkObjectResult in 169.8592ms. 
2019-09-02 14:55:21.7078|1|INFO|Microsoft.AspNetCore.Mvc.Infrastructure.ObjectResultExecutor|Executing ObjectResult, writing value of type 'ReadExcelPOC.Models.ResponseObject'. 
2019-09-02 14:55:21.7078|2|INFO|Microsoft.AspNetCore.Mvc.Internal.ControllerActionInvoker|Executed action ReadExcelPOC.Controllers.CitiesController.GetCityByAliasParam (ReadExcelPOC) in 174.0555ms 
2019-09-02 14:55:21.7078|1|INFO|Microsoft.AspNetCore.Routing.EndpointMiddleware|Executed endpoint 'ReadExcelPOC.Controllers.CitiesController.GetCityByAliasParam (ReadExcelPOC)' 
2019-09-02 14:55:21.7171|2|INFO|Microsoft.AspNetCore.Hosting.Internal.WebHost|Request finished in 182.7646ms 200 application/json; charset=utf-8 
2019-09-02 14:55:27.1971|1|INFO|Microsoft.AspNetCore.Hosting.Internal.WebHost|Request starting HTTP/2.0 GET https://localhost:44390/api/cities/alias/param?alias=   
2019-09-02 14:55:27.1971|0|INFO|Microsoft.AspNetCore.Routing.EndpointMiddleware|Executing endpoint 'ReadExcelPOC.Controllers.CitiesController.GetCityByAliasParam (ReadExcelPOC)' 
2019-09-02 14:55:27.1991|3|INFO|Microsoft.AspNetCore.Mvc.Internal.ControllerActionInvoker|Route matched with {action = "GetCityByAliasParam", controller = "Cities"}. Executing controller action with signature System.Threading.Tasks.Task`1[Microsoft.AspNetCore.Mvc.ActionResult`1[System.Collections.Generic.IEnumerable`1[ReadExcelPOC.Models.City]]] GetCityByAliasParam(System.String) on controller ReadExcelPOC.Controllers.CitiesController (ReadExcelPOC). 
2019-09-02 14:55:27.1991|1|INFO|Microsoft.AspNetCore.Mvc.Internal.ControllerActionInvoker|Executing action method ReadExcelPOC.Controllers.CitiesController.GetCityByAliasParam (ReadExcelPOC) - Validation state: Valid 
2019-09-02 14:55:27.1991||INFO|ReadExcelPOC.Controllers.CitiesController|Enter GetCityByAlias. Alias= 
2019-09-02 14:55:27.1991|2|INFO|Microsoft.AspNetCore.Mvc.Internal.ControllerActionInvoker|Executed action method ReadExcelPOC.Controllers.CitiesController.GetCityByAliasParam (ReadExcelPOC), returned result Microsoft.AspNetCore.Mvc.OkObjectResult in 1.6396ms. 
2019-09-02 14:55:27.1991|1|INFO|Microsoft.AspNetCore.Mvc.Infrastructure.ObjectResultExecutor|Executing ObjectResult, writing value of type 'ReadExcelPOC.Models.ResponseObject'. 
2019-09-02 14:55:27.1991|2|INFO|Microsoft.AspNetCore.Mvc.Internal.ControllerActionInvoker|Executed action ReadExcelPOC.Controllers.CitiesController.GetCityByAliasParam (ReadExcelPOC) in 11.6484ms 
2019-09-02 14:55:27.1991|1|INFO|Microsoft.AspNetCore.Routing.EndpointMiddleware|Executed endpoint 'ReadExcelPOC.Controllers.CitiesController.GetCityByAliasParam (ReadExcelPOC)' 
2019-09-02 14:55:27.2160|2|INFO|Microsoft.AspNetCore.Hosting.Internal.WebHost|Request finished in 18.9058ms 200 application/json; charset=utf-8 
2019-09-02 15:34:06.5646||DEBUG|ReadExcelPOC.Program|init main 
2019-09-02 15:34:08.1409||INFO|Microsoft.AspNetCore.DataProtection.KeyManagement.XmlKeyManager|User profile is available. Using 'C:\Users\jiaro\AppData\Local\ASP.NET\DataProtection-Keys' as key repository and Windows DPAPI to encrypt keys at rest. 
2019-09-02 15:34:08.6407|1|INFO|Microsoft.AspNetCore.Hosting.Internal.WebHost|Request starting HTTP/2.0 GET https://localhost:44390/   
2019-09-02 15:34:08.7261|0|INFO|Microsoft.AspNetCore.Routing.EndpointMiddleware|Executing endpoint 'ReadExcelPOC.Controllers.ViewTerminalsController.Index (ReadExcelPOC)' 
2019-09-02 15:34:08.7573|3|INFO|Microsoft.AspNetCore.Mvc.Internal.ControllerActionInvoker|Route matched with {action = "Index", controller = "ViewTerminals"}. Executing controller action with signature System.Threading.Tasks.Task`1[Microsoft.AspNetCore.Mvc.IActionResult] Index(Int32, System.String) on controller ReadExcelPOC.Controllers.ViewTerminalsController (ReadExcelPOC). 
2019-09-02 15:34:09.0554|1|INFO|Microsoft.AspNetCore.Mvc.Internal.ControllerActionInvoker|Executing action method ReadExcelPOC.Controllers.ViewTerminalsController.Index (ReadExcelPOC) - Validation state: Valid 
2019-09-02 15:34:09.3235|10403|INFO|Microsoft.EntityFrameworkCore.Infrastructure|Entity Framework Core 2.2.6-servicing-10079 initialized 'DBContext' using provider 'Microsoft.EntityFrameworkCore.SqlServer' with options: None 
2019-09-02 15:34:09.9630|20101|INFO|Microsoft.EntityFrameworkCore.Database.Command|Executed DbCommand (69ms) [Parameters=[], CommandType='Text', CommandTimeout='30']
SELECT [t].[Id], [t].[ExtendField1], [t].[ExtendField2], [t].[ExtendField3], [t].[ExtendField4], [t].[ExtendField5], [t].[ExtendField6], [t].[ExtendField7], [t].[ExtendField8], [t].[PortGEOID], [t].[PortName], [t].[PortRKST], [t].[Sub Area], [t].[TerminalGEOID], [t].[TerminalName], [t].[TerminalRKSTCode]
FROM [Terminal] AS [t] 
2019-09-02 15:34:10.0203|2|INFO|Microsoft.AspNetCore.Mvc.Internal.ControllerActionInvoker|Executed action method ReadExcelPOC.Controllers.ViewTerminalsController.Index (ReadExcelPOC), returned result Microsoft.AspNetCore.Mvc.ViewResult in 960.1548ms. 
2019-09-02 15:34:10.0637|1|INFO|Microsoft.AspNetCore.Mvc.ViewFeatures.ViewResultExecutor|Executing ViewResult, running view Index. 
2019-09-02 15:34:10.4155|4|INFO|Microsoft.AspNetCore.Mvc.ViewFeatures.ViewResultExecutor|Executed ViewResult - view Index executed in 373.5253ms. 
2019-09-02 15:34:10.4220|2|INFO|Microsoft.AspNetCore.Mvc.Internal.ControllerActionInvoker|Executed action ReadExcelPOC.Controllers.ViewTerminalsController.Index (ReadExcelPOC) in 1663.0788ms 
2019-09-02 15:34:10.4349|1|INFO|Microsoft.AspNetCore.Routing.EndpointMiddleware|Executed endpoint 'ReadExcelPOC.Controllers.ViewTerminalsController.Index (ReadExcelPOC)' 
2019-09-02 15:34:10.4768|2|INFO|Microsoft.AspNetCore.Hosting.Internal.WebHost|Request finished in 1836.8659ms 200 text/html; charset=utf-8 
2019-09-02 16:36:54.3270||DEBUG|ReadExcelPOC.Program|init main 
2019-09-02 16:36:55.8567||INFO|Microsoft.AspNetCore.DataProtection.KeyManagement.XmlKeyManager|User profile is available. Using 'C:\Users\jiaro\AppData\Local\ASP.NET\DataProtection-Keys' as key repository and Windows DPAPI to encrypt keys at rest. 
2019-09-02 16:36:56.4488|1|INFO|Microsoft.AspNetCore.Hosting.Internal.WebHost|Request starting HTTP/2.0 GET https://localhost:44390/   
2019-09-02 16:36:56.5249|0|INFO|Microsoft.AspNetCore.Routing.EndpointMiddleware|Executing endpoint 'ReadExcelPOC.Controllers.ViewTerminalsController.Index (ReadExcelPOC)' 
2019-09-02 16:36:56.5516|3|INFO|Microsoft.AspNetCore.Mvc.Internal.ControllerActionInvoker|Route matched with {action = "Index", controller = "ViewTerminals"}. Executing controller action with signature System.Threading.Tasks.Task`1[Microsoft.AspNetCore.Mvc.IActionResult] Index(Int32, System.String) on controller ReadExcelPOC.Controllers.ViewTerminalsController (ReadExcelPOC). 
2019-09-02 16:36:56.9257|1|INFO|Microsoft.AspNetCore.Mvc.Internal.ControllerActionInvoker|Executing action method ReadExcelPOC.Controllers.ViewTerminalsController.Index (ReadExcelPOC) - Validation state: Valid 
2019-09-02 16:36:57.1333|10403|INFO|Microsoft.EntityFrameworkCore.Infrastructure|Entity Framework Core 2.2.6-servicing-10079 initialized 'DBContext' using provider 'Microsoft.EntityFrameworkCore.SqlServer' with options: None 
2019-09-02 16:36:58.1012|20101|INFO|Microsoft.EntityFrameworkCore.Database.Command|Executed DbCommand (119ms) [Parameters=[], CommandType='Text', CommandTimeout='30']
SELECT [t].[Id], [t].[ExtendField1], [t].[ExtendField2], [t].[ExtendField3], [t].[ExtendField4], [t].[ExtendField5], [t].[ExtendField6], [t].[ExtendField7], [t].[ExtendField8], [t].[PortGEOID], [t].[PortName], [t].[PortRKST], [t].[Sub Area], [t].[TerminalGEOID], [t].[TerminalName], [t].[TerminalRKSTCode]
FROM [Terminal] AS [t] 
2019-09-02 16:36:58.1866|2|INFO|Microsoft.AspNetCore.Mvc.Internal.ControllerActionInvoker|Executed action method ReadExcelPOC.Controllers.ViewTerminalsController.Index (ReadExcelPOC), returned result Microsoft.AspNetCore.Mvc.ViewResult in 1257.2899ms. 
2019-09-02 16:36:58.2204|1|INFO|Microsoft.AspNetCore.Mvc.ViewFeatures.ViewResultExecutor|Executing ViewResult, running view Index. 
2019-09-02 16:36:58.6269|4|INFO|Microsoft.AspNetCore.Mvc.ViewFeatures.ViewResultExecutor|Executed ViewResult - view Index executed in 422.3077ms. 
2019-09-02 16:36:58.6269|2|INFO|Microsoft.AspNetCore.Mvc.Internal.ControllerActionInvoker|Executed action ReadExcelPOC.Controllers.ViewTerminalsController.Index (ReadExcelPOC) in 2080.5515ms 
2019-09-02 16:36:58.6381|1|INFO|Microsoft.AspNetCore.Routing.EndpointMiddleware|Executed endpoint 'ReadExcelPOC.Controllers.ViewTerminalsController.Index (ReadExcelPOC)' 
2019-09-02 16:36:58.6628|2|INFO|Microsoft.AspNetCore.Hosting.Internal.WebHost|Request finished in 2214.3823ms 200 text/html; charset=utf-8 
